Using pre-set license
Built from '2020.2/release' branch; Version is '2020.2.4f1 (becced5a802b) revision 12504301'; Using compiler version '192528614'; Build Type 'Release'
OS: 'Windows 10 Pro; OS build 19043.1288; Version 2009; 64bit' Language: 'en' Physical Memory: 32678 MB
BatchMode: 1, IsHumanControllingUs: 0, StartBugReporterOnCrash: 0, Is64bit: 1, IsPro: 0

 COMMAND LINE ARGUMENTS:
D:\Unity Engine\Unity Editors\2020.2.4f1\Editor\Unity.exe
-adb2
-batchMode
-noUpm
-name
AssetImportWorker1
-projectPath
C:/Users/Vivi/Desktop/LilaGames/Lila-Games/Lila Games
-logFile
Logs/AssetImportWorker1.log
-srvPort
50016
Successfully changed project path to: C:/Users/Vivi/Desktop/LilaGames/Lila-Games/Lila Games
C:/Users/Vivi/Desktop/LilaGames/Lila-Games/Lila Games
Using Asset Import Pipeline V2.
Refreshing native plugins compatible for Editor in 39.85 ms, found 0 plugins.
Preloading 0 native plugins for Editor in 0.00 ms.
Initialize engine version: 2020.2.4f1 (becced5a802b)
[Subsystems] Discovering subsystems at path D:/Unity Engine/Unity Editors/2020.2.4f1/Editor/Data/Resources/UnitySubsystems
[Subsystems] Discovering subsystems at path C:/Users/Vivi/Desktop/LilaGames/Lila-Games/Lila Games/Assets
GfxDevice: creating device client; threaded=0
Direct3D:
    Version:  Direct3D 11.0 [level 11.1]
    Renderer: NVIDIA GeForce RTX 3070 Ti (ID=0x2482)
    Vendor:   
    VRAM:     8041 MB
    Driver:   30.0.14.7196
Shader 'Universal Render Pipeline/Particles/Lit': fallback shader 'Universal Render Pipeline/Particles/SimpleLit' not found
Initialize mono
Mono path[0] = 'D:/Unity Engine/Unity Editors/2020.2.4f1/Editor/Data/Managed'
Mono path[1] = 'D:/Unity Engine/Unity Editors/2020.2.4f1/Editor/Data/MonoBleedingEdge/lib/mono/unityjit'
Mono config path = 'D:/Unity Engine/Unity Editors/2020.2.4f1/Editor/Data/MonoBleedingEdge/etc'
Using monoOptions --debugger-agent=transport=dt_socket,embedding=1,server=y,suspend=n,address=127.0.0.1:56468
Begin MonoManager ReloadAssembly
Registering precompiled unity dll's ...
Register platform support module: D:/Unity Engine/Unity Editors/2020.2.4f1/Editor/Data/PlaybackEngines/WebGLSupport/UnityEditor.WebGL.Extensions.dll
Register platform support module: D:/Unity Engine/Unity Editors/2020.2.4f1/Editor/Data/PlaybackEngines/WindowsStandaloneSupport/UnityEditor.WindowsStandalone.Extensions.dll
Registered in 0.001200 seconds.
Native extension for WindowsStandalone target not found
Native extension for WebGL target not found
Refreshing native plugins compatible for Editor in 39.66 ms, found 0 plugins.
Preloading 0 native plugins for Editor in 0.00 ms.
Invoked RoslynAnalysisRunner static constructor.
RoslynAnalysisRunner will not be running.
RoslynAnalysisRunner has terminated.
Mono: successfully reloaded assembly
- Completed reload, in  1.337 seconds
Platform modules already initialized, skipping
Registering precompiled user dll's ...
Registered in 0.001299 seconds.
Begin MonoManager ReloadAssembly
Native extension for WindowsStandalone target not found
Native extension for WebGL target not found
Refreshing native plugins compatible for Editor in 39.62 ms, found 0 plugins.
Preloading 0 native plugins for Editor in 0.00 ms.
Invoked RoslynAnalysisRunner static constructor.
RoslynAnalysisRunner will not be running.
RoslynAnalysisRunner has terminated.
Mono: successfully reloaded assembly
- Completed reload, in  0.835 seconds
Platform modules already initialized, skipping
========================================================================
Worker process is ready to serve import requests
Shader 'Universal Render Pipeline/Particles/Lit': fallback shader 'Universal Render Pipeline/Particles/SimpleLit' not found
Launched and connected shader compiler UnityShaderCompiler.exe after 0.03 seconds
Refreshing native plugins compatible for Editor in 0.48 ms, found 0 plugins.
Preloading 0 native plugins for Editor in 0.00 ms.
Unloading 2978 Unused Serialized files (Serialized files now loaded: 0)
System memory in use before: 143.0 MB.
System memory in use after: 143.2 MB.

Unloading 96 unused Assets to reduce memory usage. Loaded Objects now: 3425.
Total: 2.131200 ms (FindLiveObjects: 0.261600 ms CreateObjectMapping: 0.077600 ms MarkObjects: 1.670300 ms  DeleteObjects: 0.121000 ms)

========================================================================
Received Import Request.
  path: Assets/FPS Icons Pack
  artifactKey: Guid(d27f07e056b1e304c8f0fdda1801a3d3) Importer(815301076,1909f56bfc062723c751e8b465ee728b)
Start importing Assets/FPS Icons Pack using Guid(d27f07e056b1e304c8f0fdda1801a3d3) Importer(815301076,1909f56bfc062723c751e8b465ee728b)  -> (artifact id: 'e7ff272dc1266842b514ec43a745f63b') in 0.008790 seconds
  Import took 0.012429 seconds .

========================================================================
Received Import Request.
  Time since last request: 0.000114 seconds.
  path: Assets/FPS Icons Pack/Dark Grey Theme/Dark grey spritesheet 2.png
  artifactKey: Guid(71a7f8669de848e45ba57bda95f3a58e) Importer(815301076,1909f56bfc062723c751e8b465ee728b)
Start importing Assets/FPS Icons Pack/Dark Grey Theme/Dark grey spritesheet 2.png using Guid(71a7f8669de848e45ba57bda95f3a58e) Importer(815301076,1909f56bfc062723c751e8b465ee728b)  -> (artifact id: '57a8260efbdae737e7625072936f7be6') in 0.111081 seconds
  Import took 0.114572 seconds .

========================================================================
Received Import Request.
  Time since last request: 0.000116 seconds.
  path: Assets/FPS Icons Pack/Dark Grey Theme
  artifactKey: Guid(b209df307e709f2489f1e4f85726018d) Importer(815301076,1909f56bfc062723c751e8b465ee728b)
Start importing Assets/FPS Icons Pack/Dark Grey Theme using Guid(b209df307e709f2489f1e4f85726018d) Importer(815301076,1909f56bfc062723c751e8b465ee728b)  -> (artifact id: 'b935e4bba47a450f3ebc8ca801d8427b') in 0.004386 seconds
  Import took 0.007685 seconds .

========================================================================
Received Import Request.
  Time since last request: 0.000141 seconds.
  path: Assets/FPS Icons Pack/Dark Grey Theme/Dark grey spritesheet 1.png
  artifactKey: Guid(2f84b5c8ce2b18549a175522847db7d6) Importer(815301076,1909f56bfc062723c751e8b465ee728b)
Start importing Assets/FPS Icons Pack/Dark Grey Theme/Dark grey spritesheet 1.png using Guid(2f84b5c8ce2b18549a175522847db7d6) Importer(815301076,1909f56bfc062723c751e8b465ee728b)  -> (artifact id: '984e0820aadda261bd989d2cf1be445a') in 0.045132 seconds
  Import took 0.048920 seconds .

========================================================================
Received Import Request.
  Time since last request: 5.379745 seconds.
  path: Assets/FPS Icons Pack/Light Theme
  artifactKey: Guid(cb94a59db91d39c40b00000fca6cc586) Importer(815301076,1909f56bfc062723c751e8b465ee728b)
Start importing Assets/FPS Icons Pack/Light Theme using Guid(cb94a59db91d39c40b00000fca6cc586) Importer(815301076,1909f56bfc062723c751e8b465ee728b)  -> (artifact id: '5d269b61e27dab7f396ef16f177d2203') in 0.004846 seconds
  Import took 0.008203 seconds .

========================================================================
Received Import Request.
  Time since last request: 0.064693 seconds.
  path: Assets/FPS Icons Pack/Light Theme/Light theme spritesheet 1.png
  artifactKey: Guid(5163ae49a0de665458bba61cd20c99b1) Importer(815301076,1909f56bfc062723c751e8b465ee728b)
Start importing Assets/FPS Icons Pack/Light Theme/Light theme spritesheet 1.png using Guid(5163ae49a0de665458bba61cd20c99b1) Importer(815301076,1909f56bfc062723c751e8b465ee728b)  -> (artifact id: 'b4c5ffa109a3b1bfa8a3ec014554a8c2') in 0.032150 seconds
  Import took 0.036198 seconds .

========================================================================
Received Import Request.
  Time since last request: 0.000128 seconds.
  path: Assets/FPS Icons Pack/Light Theme/Light theme spritesheet 2.png
  artifactKey: Guid(6674e8c43c63e4f4184cbd009379498d) Importer(815301076,1909f56bfc062723c751e8b465ee728b)
Start importing Assets/FPS Icons Pack/Light Theme/Light theme spritesheet 2.png using Guid(6674e8c43c63e4f4184cbd009379498d) Importer(815301076,1909f56bfc062723c751e8b465ee728b)  -> (artifact id: '92ec78065d5e2efde655880749770d98') in 0.028013 seconds
  Import took 0.031083 seconds .

========================================================================
Received Import Request.
  Time since last request: 78.618470 seconds.
  path: Assets/FPS Icons Pack/Dark Theme/Dark theme spritesheet 2.png
  artifactKey: Guid(5acb27b603af6d44ea6113c4b7b15385) Importer(815301076,1909f56bfc062723c751e8b465ee728b)
Start importing Assets/FPS Icons Pack/Dark Theme/Dark theme spritesheet 2.png using Guid(5acb27b603af6d44ea6113c4b7b15385) Importer(815301076,1909f56bfc062723c751e8b465ee728b)  -> (artifact id: '8154f986e5ad17de8949c03c943ef213') in 0.030024 seconds
  Import took 0.033778 seconds .

========================================================================
Received Import Request.
  Time since last request: 0.000170 seconds.
  path: Assets/FPS Icons Pack/Dark Theme/Dark theme spritesheet 1.png
  artifactKey: Guid(a1d46cd3f2614cc43be92ab44ea7d819) Importer(815301076,1909f56bfc062723c751e8b465ee728b)
Start importing Assets/FPS Icons Pack/Dark Theme/Dark theme spritesheet 1.png using Guid(a1d46cd3f2614cc43be92ab44ea7d819) Importer(815301076,1909f56bfc062723c751e8b465ee728b)  -> (artifact id: '2bcc01b77aaf3607745cb15e219a115f') in 0.033081 seconds
  Import took 0.036248 seconds .

========================================================================
Received Import Request.
  Time since last request: 0.719796 seconds.
  path: Assets/FPS Icons Pack/Orange Theme/Orange theme spritesheet 2.png
  artifactKey: Guid(0bd96f6f4899f644ea1ffd9b4735a5e6) Importer(815301076,1909f56bfc062723c751e8b465ee728b)
Start importing Assets/FPS Icons Pack/Orange Theme/Orange theme spritesheet 2.png using Guid(0bd96f6f4899f644ea1ffd9b4735a5e6) Importer(815301076,1909f56bfc062723c751e8b465ee728b)  -> (artifact id: 'be4d338507212cc0cd8cb809fc03b379') in 0.029209 seconds
  Import took 0.032957 seconds .

========================================================================
Received Import Request.
  Time since last request: 0.000146 seconds.
  path: Assets/Particles/Textures/PolygonParticles_Portal_Single_Chipped - Copy.png
  artifactKey: Guid(ab12be540d1b2464485d6016453d4e42) Importer(815301076,1909f56bfc062723c751e8b465ee728b)
Start importing Assets/Particles/Textures/PolygonParticles_Portal_Single_Chipped - Copy.png using Guid(ab12be540d1b2464485d6016453d4e42) Importer(815301076,1909f56bfc062723c751e8b465ee728b)  -> (artifact id: 'b884ef4502538c240defced5cb610293') in 0.015537 seconds
  Import took 0.019052 seconds .

========================================================================
Received Import Request.
  Time since last request: 0.000170 seconds.
  path: Assets/FPS Icons Pack/Orange Theme/Orange theme spritesheet 1.png
  artifactKey: Guid(309ac3eb4cc441349b63128366ca98b6) Importer(815301076,1909f56bfc062723c751e8b465ee728b)
Start importing Assets/FPS Icons Pack/Orange Theme/Orange theme spritesheet 1.png using Guid(309ac3eb4cc441349b63128366ca98b6) Importer(815301076,1909f56bfc062723c751e8b465ee728b)  -> (artifact id: 'cc5e405b7152c4124253faff3c42ee75') in 0.034424 seconds
  Import took 0.038027 seconds .

========================================================================
Received Import Request.
  Time since last request: 982.263928 seconds.
  path: Assets/Sprites/Asset 1.png
  artifactKey: Guid(72abc04ed3d240e4a8368f68d92afe0b) Importer(815301076,1909f56bfc062723c751e8b465ee728b)
Start importing Assets/Sprites/Asset 1.png using Guid(72abc04ed3d240e4a8368f68d92afe0b) Importer(815301076,1909f56bfc062723c751e8b465ee728b)  -> (artifact id: '10806e07b131209def22bc6db4ada49d') in 0.007695 seconds
  Import took 0.011567 seconds .

========================================================================
Received Import Request.
  Time since last request: 10.390257 seconds.
  path: Assets/Sprites/Square.png
  artifactKey: Guid(72abc04ed3d240e4a8368f68d92afe0b) Importer(815301076,1909f56bfc062723c751e8b465ee728b)
Start importing Assets/Sprites/Square.png using Guid(72abc04ed3d240e4a8368f68d92afe0b) Importer(815301076,1909f56bfc062723c751e8b465ee728b)  -> (artifact id: '9e026f258d65824f8b540a9f96dba19a') in 0.007351 seconds
  Import took 0.010958 seconds .

========================================================================
Received Import Request.
  Time since last request: 0.000280 seconds.
  path: Assets/Sprites/Square.png
  artifactKey: Guid(72abc04ed3d240e4a8368f68d92afe0b) Importer(815301076,1909f56bfc062723c751e8b465ee728b)
Start importing Assets/Sprites/Square.png using Guid(72abc04ed3d240e4a8368f68d92afe0b) Importer(815301076,1909f56bfc062723c751e8b465ee728b)  -> (artifact id: '9e026f258d65824f8b540a9f96dba19a') in 0.003954 seconds
  Import took 0.006803 seconds .

========================================================================
Received Import Request.
  Time since last request: 4.283013 seconds.
  path: Assets/Sprites/Square.png
  artifactKey: Guid(72abc04ed3d240e4a8368f68d92afe0b) Importer(815301076,1909f56bfc062723c751e8b465ee728b)
Start importing Assets/Sprites/Square.png using Guid(72abc04ed3d240e4a8368f68d92afe0b) Importer(815301076,1909f56bfc062723c751e8b465ee728b)  -> (artifact id: '4d80cf44647dfd05056d51e11a800679') in 0.008599 seconds
  Import took 0.012259 seconds .

========================================================================
Received Import Request.
  Time since last request: 59.293259 seconds.
  path: Assets/Sprites/Asset 1.png
  artifactKey: Guid(5090acdcdee2e224e84457c32085cbdd) Importer(815301076,1909f56bfc062723c751e8b465ee728b)
Start importing Assets/Sprites/Asset 1.png using Guid(5090acdcdee2e224e84457c32085cbdd) Importer(815301076,1909f56bfc062723c751e8b465ee728b)  -> (artifact id: 'f533e1e1129cd35d830d99ff28509576') in 0.006483 seconds
  Import took 0.010184 seconds .

========================================================================
Received Import Request.
  Time since last request: 0.002037 seconds.
  path: Assets/Sprites/Asset 1.png
  artifactKey: Guid(5090acdcdee2e224e84457c32085cbdd) Importer(815301076,1909f56bfc062723c751e8b465ee728b)
Start importing Assets/Sprites/Asset 1.png using Guid(5090acdcdee2e224e84457c32085cbdd) Importer(815301076,1909f56bfc062723c751e8b465ee728b)  -> (artifact id: 'f533e1e1129cd35d830d99ff28509576') in 0.003946 seconds
  Import took 0.007078 seconds .

========================================================================
Received Import Request.
  Time since last request: 13.531469 seconds.
  path: Assets/Sprites/Rounded Square.png
  artifactKey: Guid(5090acdcdee2e224e84457c32085cbdd) Importer(815301076,1909f56bfc062723c751e8b465ee728b)
Start importing Assets/Sprites/Rounded Square.png using Guid(5090acdcdee2e224e84457c32085cbdd) Importer(815301076,1909f56bfc062723c751e8b465ee728b)  -> (artifact id: '4f7812927f791b721086bf56224860ea') in 0.007182 seconds
  Import took 0.011382 seconds .

========================================================================
Received Import Request.
  Time since last request: 0.000192 seconds.
  path: Assets/Sprites/Rounded Square.png
  artifactKey: Guid(5090acdcdee2e224e84457c32085cbdd) Importer(815301076,1909f56bfc062723c751e8b465ee728b)
Start importing Assets/Sprites/Rounded Square.png using Guid(5090acdcdee2e224e84457c32085cbdd) Importer(815301076,1909f56bfc062723c751e8b465ee728b)  -> (artifact id: '4f7812927f791b721086bf56224860ea') in 0.003872 seconds
  Import took 0.007204 seconds .

========================================================================
Received Import Request.
  Time since last request: 3.320507 seconds.
  path: Assets/Sprites/Rounded Square.png
  artifactKey: Guid(5090acdcdee2e224e84457c32085cbdd) Importer(815301076,1909f56bfc062723c751e8b465ee728b)
Start importing Assets/Sprites/Rounded Square.png using Guid(5090acdcdee2e224e84457c32085cbdd) Importer(815301076,1909f56bfc062723c751e8b465ee728b)  -> (artifact id: '10466b63ad81dc93fd8d5d63e9104a1b') in 0.007332 seconds
  Import took 0.011325 seconds .

========================================================================
Received Import Request.
  Time since last request: 105.541341 seconds.
  path: Assets/Scripts/Task B/VisualsUI.cs
  artifactKey: Guid(5ecbdd0fefa93eb4886d93d84a0530b6) Importer(815301076,1909f56bfc062723c751e8b465ee728b)
Start importing Assets/Scripts/Task B/VisualsUI.cs using Guid(5ecbdd0fefa93eb4886d93d84a0530b6) Importer(815301076,1909f56bfc062723c751e8b465ee728b)  -> (artifact id: '1f6bb881442d46f1a0bc50c38cbcbb9c') in 0.007271 seconds
  Import took 0.011648 seconds .

========================================================================
Received Import Request.
  Time since last request: 0.000485 seconds.
  path: Assets/Scripts/Task B/VisualsUI.cs
  artifactKey: Guid(5ecbdd0fefa93eb4886d93d84a0530b6) Importer(815301076,1909f56bfc062723c751e8b465ee728b)
Start importing Assets/Scripts/Task B/VisualsUI.cs using Guid(5ecbdd0fefa93eb4886d93d84a0530b6) Importer(815301076,1909f56bfc062723c751e8b465ee728b)  -> (artifact id: '1f6bb881442d46f1a0bc50c38cbcbb9c') in 0.001706 seconds
  Import took 0.004464 seconds .

========================================================================
Received Prepare
Registering precompiled user dll's ...
Registered in 0.000933 seconds.
Begin MonoManager ReloadAssembly
Native extension for WindowsStandalone target not found
Native extension for WebGL target not found
Refreshing native plugins compatible for Editor in 0.49 ms, found 0 plugins.
Preloading 0 native plugins for Editor in 0.00 ms.
Warning: Annotation not found!
UnityEngine.StackTraceUtility:ExtractStackTrace ()
UnityEditor.ProBuilder.EditorUtility:SetGizmoIconEnabled (System.Type,bool) (at Library/PackageCache/com.unity.probuilder@5.0.3/Editor/EditorCore/EditorUtility.cs:575)
UnityEditor.ProBuilder.HierarchyListener:.cctor () (at Library/PackageCache/com.unity.probuilder@5.0.3/Editor/EditorCore/HierarchyListener.cs:21)
System.Runtime.CompilerServices.RuntimeHelpers:RunClassConstructor (System.RuntimeTypeHandle)
UnityEditor.EditorAssemblies:ProcessInitializeOnLoadAttributes (System.Type[])

[Library/PackageCache/com.unity.probuilder@5.0.3/Editor/EditorCore/EditorUtility.cs line 575]

Invoked RoslynAnalysisRunner static constructor.
RoslynAnalysisRunner will not be running.
RoslynAnalysisRunner has terminated.
Mono: successfully reloaded assembly
- Completed reload, in  0.596 seconds
Platform modules already initialized, skipping
Shader 'Universal Render Pipeline/Particles/Lit': fallback shader 'Universal Render Pipeline/Particles/SimpleLit' not found
Refreshing native plugins compatible for Editor in 0.50 ms, found 0 plugins.
Preloading 0 native plugins for Editor in 0.00 ms.
Unloading 2801 Unused Serialized files (Serialized files now loaded: 0)
System memory in use before: 134.7 MB.
System memory in use after: 134.9 MB.

Unloading 9 unused Assets to reduce memory usage. Loaded Objects now: 3527.
Total: 2.116100 ms (FindLiveObjects: 0.267400 ms CreateObjectMapping: 0.069100 ms MarkObjects: 1.725000 ms  DeleteObjects: 0.053800 ms)

========================================================================
Received Prepare
Registering precompiled user dll's ...
Registered in 0.000959 seconds.
Begin MonoManager ReloadAssembly
Native extension for WindowsStandalone target not found
Native extension for WebGL target not found
Refreshing native plugins compatible for Editor in 0.49 ms, found 0 plugins.
Preloading 0 native plugins for Editor in 0.00 ms.
Warning: Annotation not found!
UnityEngine.StackTraceUtility:ExtractStackTrace ()
UnityEditor.ProBuilder.EditorUtility:SetGizmoIconEnabled (System.Type,bool) (at Library/PackageCache/com.unity.probuilder@5.0.3/Editor/EditorCore/EditorUtility.cs:575)
UnityEditor.ProBuilder.HierarchyListener:.cctor () (at Library/PackageCache/com.unity.probuilder@5.0.3/Editor/EditorCore/HierarchyListener.cs:21)
System.Runtime.CompilerServices.RuntimeHelpers:RunClassConstructor (System.RuntimeTypeHandle)
UnityEditor.EditorAssemblies:ProcessInitializeOnLoadAttributes (System.Type[])

[Library/PackageCache/com.unity.probuilder@5.0.3/Editor/EditorCore/EditorUtility.cs line 575]

Invoked RoslynAnalysisRunner static constructor.
RoslynAnalysisRunner will not be running.
RoslynAnalysisRunner has terminated.
Mono: successfully reloaded assembly
- Completed reload, in  0.579 seconds
Platform modules already initialized, skipping
Shader 'Universal Render Pipeline/Particles/Lit': fallback shader 'Universal Render Pipeline/Particles/SimpleLit' not found
Refreshing native plugins compatible for Editor in 0.51 ms, found 0 plugins.
Preloading 0 native plugins for Editor in 0.00 ms.
Unloading 2801 Unused Serialized files (Serialized files now loaded: 0)
System memory in use before: 134.8 MB.
System memory in use after: 135.0 MB.

Unloading 9 unused Assets to reduce memory usage. Loaded Objects now: 3529.
Total: 2.029200 ms (FindLiveObjects: 0.255400 ms CreateObjectMapping: 0.060900 ms MarkObjects: 1.651900 ms  DeleteObjects: 0.060200 ms)

========================================================================
Received Import Request.
  Time since last request: 296.467209 seconds.
  path: Assets/Scripts/Task B/VisualsUI.cs
  artifactKey: Guid(5ecbdd0fefa93eb4886d93d84a0530b6) Importer(815301076,1909f56bfc062723c751e8b465ee728b)
Start importing Assets/Scripts/Task B/VisualsUI.cs using Guid(5ecbdd0fefa93eb4886d93d84a0530b6) Importer(815301076,1909f56bfc062723c751e8b465ee728b)  -> (artifact id: '185e8dcdf75c2de7c17efd618b2aaef6') in 0.004858 seconds
  Import took 0.008477 seconds .

========================================================================
Received Prepare
Registering precompiled user dll's ...
Registered in 0.001091 seconds.
Begin MonoManager ReloadAssembly
Native extension for WindowsStandalone target not found
Native extension for WebGL target not found
Refreshing native plugins compatible for Editor in 0.52 ms, found 0 plugins.
Preloading 0 native plugins for Editor in 0.00 ms.
Warning: Annotation not found!
UnityEngine.StackTraceUtility:ExtractStackTrace ()
UnityEditor.ProBuilder.EditorUtility:SetGizmoIconEnabled (System.Type,bool) (at Library/PackageCache/com.unity.probuilder@5.0.3/Editor/EditorCore/EditorUtility.cs:575)
UnityEditor.ProBuilder.HierarchyListener:.cctor () (at Library/PackageCache/com.unity.probuilder@5.0.3/Editor/EditorCore/HierarchyListener.cs:21)
System.Runtime.CompilerServices.RuntimeHelpers:RunClassConstructor (System.RuntimeTypeHandle)
UnityEditor.EditorAssemblies:ProcessInitializeOnLoadAttributes (System.Type[])

[Library/PackageCache/com.unity.probuilder@5.0.3/Editor/EditorCore/EditorUtility.cs line 575]

Invoked RoslynAnalysisRunner static constructor.
RoslynAnalysisRunner will not be running.
RoslynAnalysisRunner has terminated.
Mono: successfully reloaded assembly
- Completed reload, in  0.584 seconds
Platform modules already initialized, skipping
Shader 'Universal Render Pipeline/Particles/Lit': fallback shader 'Universal Render Pipeline/Particles/SimpleLit' not found
Refreshing native plugins compatible for Editor in 0.49 ms, found 0 plugins.
Preloading 0 native plugins for Editor in 0.00 ms.
Unloading 2801 Unused Serialized files (Serialized files now loaded: 0)
System memory in use before: 134.8 MB.
System memory in use after: 135.0 MB.

Unloading 9 unused Assets to reduce memory usage. Loaded Objects now: 3531.
Total: 2.079500 ms (FindLiveObjects: 0.263300 ms CreateObjectMapping: 0.070700 ms MarkObjects: 1.686100 ms  DeleteObjects: 0.058700 ms)

========================================================================
Received Prepare
Registering precompiled user dll's ...
Registered in 0.000965 seconds.
Begin MonoManager ReloadAssembly
Native extension for WindowsStandalone target not found
Native extension for WebGL target not found
Refreshing native plugins compatible for Editor in 0.53 ms, found 0 plugins.
Preloading 0 native plugins for Editor in 0.00 ms.
Warning: Annotation not found!
UnityEngine.StackTraceUtility:ExtractStackTrace ()
UnityEditor.ProBuilder.EditorUtility:SetGizmoIconEnabled (System.Type,bool) (at Library/PackageCache/com.unity.probuilder@5.0.3/Editor/EditorCore/EditorUtility.cs:575)
UnityEditor.ProBuilder.HierarchyListener:.cctor () (at Library/PackageCache/com.unity.probuilder@5.0.3/Editor/EditorCore/HierarchyListener.cs:21)
System.Runtime.CompilerServices.RuntimeHelpers:RunClassConstructor (System.RuntimeTypeHandle)
UnityEditor.EditorAssemblies:ProcessInitializeOnLoadAttributes (System.Type[])

[Library/PackageCache/com.unity.probuilder@5.0.3/Editor/EditorCore/EditorUtility.cs line 575]

Invoked RoslynAnalysisRunner static constructor.
RoslynAnalysisRunner will not be running.
RoslynAnalysisRunner has terminated.
Mono: successfully reloaded assembly
- Completed reload, in  0.603 seconds
Platform modules already initialized, skipping
Shader 'Universal Render Pipeline/Particles/Lit': fallback shader 'Universal Render Pipeline/Particles/SimpleLit' not found
Refreshing native plugins compatible for Editor in 0.50 ms, found 0 plugins.
Preloading 0 native plugins for Editor in 0.00 ms.
Unloading 2801 Unused Serialized files (Serialized files now loaded: 0)
System memory in use before: 134.8 MB.
System memory in use after: 135.0 MB.

Unloading 9 unused Assets to reduce memory usage. Loaded Objects now: 3533.
Total: 2.003000 ms (FindLiveObjects: 0.241100 ms CreateObjectMapping: 0.073300 ms MarkObjects: 1.623600 ms  DeleteObjects: 0.064400 ms)

========================================================================
Received Prepare
Registering precompiled user dll's ...
Registered in 0.000940 seconds.
Begin MonoManager ReloadAssembly
Native extension for WindowsStandalone target not found
Native extension for WebGL target not found
Refreshing native plugins compatible for Editor in 0.48 ms, found 0 plugins.
Preloading 0 native plugins for Editor in 0.00 ms.
Warning: Annotation not found!
UnityEngine.StackTraceUtility:ExtractStackTrace ()
UnityEditor.ProBuilder.EditorUtility:SetGizmoIconEnabled (System.Type,bool) (at Library/PackageCache/com.unity.probuilder@5.0.3/Editor/EditorCore/EditorUtility.cs:575)
UnityEditor.ProBuilder.HierarchyListener:.cctor () (at Library/PackageCache/com.unity.probuilder@5.0.3/Editor/EditorCore/HierarchyListener.cs:21)
System.Runtime.CompilerServices.RuntimeHelpers:RunClassConstructor (System.RuntimeTypeHandle)
UnityEditor.EditorAssemblies:ProcessInitializeOnLoadAttributes (System.Type[])

[Library/PackageCache/com.unity.probuilder@5.0.3/Editor/EditorCore/EditorUtility.cs line 575]

Invoked RoslynAnalysisRunner static constructor.
RoslynAnalysisRunner will not be running.
RoslynAnalysisRunner has terminated.
Mono: successfully reloaded assembly
- Completed reload, in  0.584 seconds
Platform modules already initialized, skipping
Shader 'Universal Render Pipeline/Particles/Lit': fallback shader 'Universal Render Pipeline/Particles/SimpleLit' not found
Refreshing native plugins compatible for Editor in 0.49 ms, found 0 plugins.
Preloading 0 native plugins for Editor in 0.00 ms.
Unloading 2801 Unused Serialized files (Serialized files now loaded: 0)
System memory in use before: 134.8 MB.
System memory in use after: 135.0 MB.

Unloading 9 unused Assets to reduce memory usage. Loaded Objects now: 3535.
Total: 2.290800 ms (FindLiveObjects: 0.248600 ms CreateObjectMapping: 0.072300 ms MarkObjects: 1.903900 ms  DeleteObjects: 0.065200 ms)

========================================================================
Received Prepare
Registering precompiled user dll's ...
Registered in 0.000940 seconds.
Begin MonoManager ReloadAssembly
Native extension for WindowsStandalone target not found
Native extension for WebGL target not found
Refreshing native plugins compatible for Editor in 0.48 ms, found 0 plugins.
Preloading 0 native plugins for Editor in 0.00 ms.
Warning: Annotation not found!
UnityEngine.StackTraceUtility:ExtractStackTrace ()
UnityEditor.ProBuilder.EditorUtility:SetGizmoIconEnabled (System.Type,bool) (at Library/PackageCache/com.unity.probuilder@5.0.3/Editor/EditorCore/EditorUtility.cs:575)
UnityEditor.ProBuilder.HierarchyListener:.cctor () (at Library/PackageCache/com.unity.probuilder@5.0.3/Editor/EditorCore/HierarchyListener.cs:21)
System.Runtime.CompilerServices.RuntimeHelpers:RunClassConstructor (System.RuntimeTypeHandle)
UnityEditor.EditorAssemblies:ProcessInitializeOnLoadAttributes (System.Type[])

[Library/PackageCache/com.unity.probuilder@5.0.3/Editor/EditorCore/EditorUtility.cs line 575]

Invoked RoslynAnalysisRunner static constructor.
RoslynAnalysisRunner will not be running.
RoslynAnalysisRunner has terminated.
Mono: successfully reloaded assembly
- Completed reload, in  0.580 seconds
Platform modules already initialized, skipping
Shader 'Universal Render Pipeline/Particles/Lit': fallback shader 'Universal Render Pipeline/Particles/SimpleLit' not found
Refreshing native plugins compatible for Editor in 0.48 ms, found 0 plugins.
Preloading 0 native plugins for Editor in 0.00 ms.
Unloading 2801 Unused Serialized files (Serialized files now loaded: 0)
System memory in use before: 134.8 MB.
System memory in use after: 135.0 MB.

Unloading 9 unused Assets to reduce memory usage. Loaded Objects now: 3537.
Total: 2.076000 ms (FindLiveObjects: 0.250000 ms CreateObjectMapping: 0.073500 ms MarkObjects: 1.699300 ms  DeleteObjects: 0.052500 ms)

========================================================================
Received Prepare
Registering precompiled user dll's ...
Registered in 0.000998 seconds.
Begin MonoManager ReloadAssembly
Native extension for WindowsStandalone target not found
Native extension for WebGL target not found
Refreshing native plugins compatible for Editor in 0.48 ms, found 0 plugins.
Preloading 0 native plugins for Editor in 0.00 ms.
Warning: Annotation not found!
UnityEngine.StackTraceUtility:ExtractStackTrace ()
UnityEditor.ProBuilder.EditorUtility:SetGizmoIconEnabled (System.Type,bool) (at Library/PackageCache/com.unity.probuilder@5.0.3/Editor/EditorCore/EditorUtility.cs:575)
UnityEditor.ProBuilder.HierarchyListener:.cctor () (at Library/PackageCache/com.unity.probuilder@5.0.3/Editor/EditorCore/HierarchyListener.cs:21)
System.Runtime.CompilerServices.RuntimeHelpers:RunClassConstructor (System.RuntimeTypeHandle)
UnityEditor.EditorAssemblies:ProcessInitializeOnLoadAttributes (System.Type[])

[Library/PackageCache/com.unity.probuilder@5.0.3/Editor/EditorCore/EditorUtility.cs line 575]

Invoked RoslynAnalysisRunner static constructor.
RoslynAnalysisRunner will not be running.
RoslynAnalysisRunner has terminated.
Mono: successfully reloaded assembly
- Completed reload, in  0.572 seconds
Platform modules already initialized, skipping
Shader 'Universal Render Pipeline/Particles/Lit': fallback shader 'Universal Render Pipeline/Particles/SimpleLit' not found
Refreshing native plugins compatible for Editor in 0.49 ms, found 0 plugins.
Preloading 0 native plugins for Editor in 0.00 ms.
Unloading 2801 Unused Serialized files (Serialized files now loaded: 0)
System memory in use before: 134.9 MB.
System memory in use after: 135.0 MB.

Unloading 9 unused Assets to reduce memory usage. Loaded Objects now: 3539.
Total: 2.080800 ms (FindLiveObjects: 0.234900 ms CreateObjectMapping: 0.072600 ms MarkObjects: 1.722500 ms  DeleteObjects: 0.050200 ms)

========================================================================
Received Import Request.
  Time since last request: 1621.206262 seconds.
  path: Assets/Controller/FirstPersonController.prefab
  artifactKey: Guid(6bacecc4f3df9584198879c73a6b6c36) Importer(815301076,1909f56bfc062723c751e8b465ee728b)
Start importing Assets/Controller/FirstPersonController.prefab using Guid(6bacecc4f3df9584198879c73a6b6c36) Importer(815301076,1909f56bfc062723c751e8b465ee728b)  -> (artifact id: '12aec04ec52f478a2d4148e2cfa85d89') in 0.129543 seconds
  Import took 0.133564 seconds .

========================================================================
Received Import Request.
  Time since last request: 14.702035 seconds.
  path: Assets/Fonts/Font Assets
  artifactKey: Guid(311413e6499d2174699c616be026ac93) Importer(815301076,1909f56bfc062723c751e8b465ee728b)
Start importing Assets/Fonts/Font Assets using Guid(311413e6499d2174699c616be026ac93) Importer(815301076,1909f56bfc062723c751e8b465ee728b)  -> (artifact id: '4b592b8af3d2e0643a593e8d3699df13') in 0.005646 seconds
  Import took 0.009081 seconds .

========================================================================
Received Import Request.
  Time since last request: 0.109519 seconds.
  path: Assets/Fonts/Font Assets/Rajdhani-Light SDF.asset
  artifactKey: Guid(18bb2978697069e46aa1753d748c5c74) Importer(815301076,1909f56bfc062723c751e8b465ee728b)
Start importing Assets/Fonts/Font Assets/Rajdhani-Light SDF.asset using Guid(18bb2978697069e46aa1753d748c5c74) Importer(815301076,1909f56bfc062723c751e8b465ee728b)  -> (artifact id: '3fca721364113cf902a3f631efca100c') in 0.037763 seconds
  Import took 0.040934 seconds .

========================================================================
Received Import Request.
  Time since last request: 0.000151 seconds.
  path: Assets/Fonts/Font Assets/Rajdhani-Regular SDF.asset
  artifactKey: Guid(5943a36b9cf9df545a4e0986993f3006) Importer(815301076,1909f56bfc062723c751e8b465ee728b)
Start importing Assets/Fonts/Font Assets/Rajdhani-Regular SDF.asset using Guid(5943a36b9cf9df545a4e0986993f3006) Importer(815301076,1909f56bfc062723c751e8b465ee728b)  -> (artifact id: '8be0cf016eaa91ab55233432986209e6') in 0.014820 seconds
  Import took 0.017817 seconds .

========================================================================
Received Import Request.
  Time since last request: 0.000138 seconds.
  path: Assets/Fonts/Font Assets/Rajdhani-Medium SDF.asset
  artifactKey: Guid(4f6bb7634c8210146b12306dcd1a1225) Importer(815301076,1909f56bfc062723c751e8b465ee728b)
Start importing Assets/Fonts/Font Assets/Rajdhani-Medium SDF.asset using Guid(4f6bb7634c8210146b12306dcd1a1225) Importer(815301076,1909f56bfc062723c751e8b465ee728b)  -> (artifact id: 'c36ff897720d427ce6aa6637a0cf1ca2') in 0.017836 seconds
  Import took 0.021349 seconds .

========================================================================
Received Import Request.
  Time since last request: 8.861188 seconds.
  path: Assets/Icons
  artifactKey: Guid(d27f07e056b1e304c8f0fdda1801a3d3) Importer(815301076,1909f56bfc062723c751e8b465ee728b)
Start importing Assets/Icons using Guid(d27f07e056b1e304c8f0fdda1801a3d3) Importer(815301076,1909f56bfc062723c751e8b465ee728b)  -> (artifact id: 'a9034521dfa8298aa5b752185058c4dd') in 0.005189 seconds
  Import took 0.008900 seconds .

========================================================================
Received Import Request.
  Time since last request: 6.209501 seconds.
  path: Assets/Icons/Dark Theme
  artifactKey: Guid(7759678efc8f95f41be0f26a0c2582fc) Importer(815301076,1909f56bfc062723c751e8b465ee728b)
Start importing Assets/Icons/Dark Theme using Guid(7759678efc8f95f41be0f26a0c2582fc) Importer(815301076,1909f56bfc062723c751e8b465ee728b)  -> (artifact id: '454eb1cd2f719ed223bfccc17eb56b3a') in 0.004857 seconds
  Import took 0.008663 seconds .

========================================================================
Received Import Request.
  Time since last request: 0.000419 seconds.
  path: Assets/Icons/Dark Theme
  artifactKey: Guid(7759678efc8f95f41be0f26a0c2582fc) Importer(815301076,1909f56bfc062723c751e8b465ee728b)
Start importing Assets/Icons/Dark Theme using Guid(7759678efc8f95f41be0f26a0c2582fc) Importer(815301076,1909f56bfc062723c751e8b465ee728b)  -> (artifact id: '454eb1cd2f719ed223bfccc17eb56b3a') in 0.001630 seconds
  Import took 0.003949 seconds .

========================================================================
Received Import Request.
  Time since last request: 35.269748 seconds.
  path: Assets/Icons/Icon Spritesheet.png
  artifactKey: Guid(6674e8c43c63e4f4184cbd009379498d) Importer(815301076,1909f56bfc062723c751e8b465ee728b)
Start importing Assets/Icons/Icon Spritesheet.png using Guid(6674e8c43c63e4f4184cbd009379498d) Importer(815301076,1909f56bfc062723c751e8b465ee728b)  -> (artifact id: '8e3301d0496a618765bd497c37a38b6d') in 0.035149 seconds
  Import took 0.038886 seconds .

========================================================================
Received Import Request.
  Time since last request: 9.438311 seconds.
  path: Assets/Interior/Prefabs/Structure
  artifactKey: Guid(020ff81d9aab09e47aebe035db40f04d) Importer(815301076,1909f56bfc062723c751e8b465ee728b)
Start importing Assets/Interior/Prefabs/Structure using Guid(020ff81d9aab09e47aebe035db40f04d) Importer(815301076,1909f56bfc062723c751e8b465ee728b)  -> (artifact id: 'c15fcaa5489206cef61498f45405e7f3') in 0.005806 seconds
  Import took 0.009718 seconds .

========================================================================
Received Import Request.
  Time since last request: 1.167314 seconds.
  path: Assets/Interior/Prefabs/Structure/Doors_Windows
  artifactKey: Guid(5e11f01ed3fa81b4489d463333dbb8ba) Importer(815301076,1909f56bfc062723c751e8b465ee728b)
Start importing Assets/Interior/Prefabs/Structure/Doors_Windows using Guid(5e11f01ed3fa81b4489d463333dbb8ba) Importer(815301076,1909f56bfc062723c751e8b465ee728b)  -> (artifact id: 'a4f6dab9193c6c2fed6c02f7451da5f2') in 0.004969 seconds
  Import took 0.008417 seconds .

========================================================================
Received Import Request.
  Time since last request: 0.122939 seconds.
  path: Assets/Interior/Prefabs/Structure/Doors_Windows/Classic_Door_01_snaps001.prefab
  artifactKey: Guid(bddc1c2bd8f610b4a9602b0663b4823e) Importer(815301076,1909f56bfc062723c751e8b465ee728b)
Start importing Assets/Interior/Prefabs/Structure/Doors_Windows/Classic_Door_01_snaps001.prefab using Guid(bddc1c2bd8f610b4a9602b0663b4823e) Importer(815301076,1909f56bfc062723c751e8b465ee728b)  -> (artifact id: 'bcb3718a34d2ec66e4379ba28e3f9f2b') in 0.023106 seconds
  Import took 0.026522 seconds .

========================================================================
Received Import Request.
  Time since last request: 0.000131 seconds.
  path: Assets/Interior/Prefabs/Structure/Doors_Windows/Classic_DoubleDoor_01_snaps001.prefab
  artifactKey: Guid(d82bc42a44b50814b814b25caf68fa8a) Importer(815301076,1909f56bfc062723c751e8b465ee728b)
Start importing Assets/Interior/Prefabs/Structure/Doors_Windows/Classic_DoubleDoor_01_snaps001.prefab using Guid(d82bc42a44b50814b814b25caf68fa8a) Importer(815301076,1909f56bfc062723c751e8b465ee728b)  -> (artifact id: 'b90363b2a451a64f201ba028c0180fdb') in 0.015310 seconds
  Import took 0.018433 seconds .

========================================================================
Received Import Request.
  Time since last request: 0.000131 seconds.
  path: Assets/Interior/Prefabs/Structure/Doors_Windows/Classic_Window_02_snaps001.prefab
  artifactKey: Guid(5cfeca0fba4439343aa66e44fe5a9767) Importer(815301076,1909f56bfc062723c751e8b465ee728b)
Start importing Assets/Interior/Prefabs/Structure/Doors_Windows/Classic_Window_02_snaps001.prefab using Guid(5cfeca0fba4439343aa66e44fe5a9767) Importer(815301076,1909f56bfc062723c751e8b465ee728b)  -> (artifact id: '5688394065dd4a4e7aa9849376b8e807') in 0.017310 seconds
  Import took 0.020379 seconds .

========================================================================
Received Import Request.
  Time since last request: 0.000128 seconds.
  path: Assets/Interior/Prefabs/Structure/Doors_Windows/Neo_Window_04_snaps001.prefab
  artifactKey: Guid(7185e7270a77b1b4587cedd0415953f9) Importer(815301076,1909f56bfc062723c751e8b465ee728b)
Start importing Assets/Interior/Prefabs/Structure/Doors_Windows/Neo_Window_04_snaps001.prefab using Guid(7185e7270a77b1b4587cedd0415953f9) Importer(815301076,1909f56bfc062723c751e8b465ee728b)  -> (artifact id: 'd51a0778f61aa3dd4d74a165c49b3ef2') in 0.015430 seconds
  Import took 0.019046 seconds .

========================================================================
Received Import Request.
  Time since last request: 0.000123 seconds.
  path: Assets/Interior/Prefabs/Structure/Doors_Windows/Neo_Window_02_snaps001.prefab
  artifactKey: Guid(fefd0a6fc0e4de748b02c804f346d04c) Importer(815301076,1909f56bfc062723c751e8b465ee728b)
Start importing Assets/Interior/Prefabs/Structure/Doors_Windows/Neo_Window_02_snaps001.prefab using Guid(fefd0a6fc0e4de748b02c804f346d04c) Importer(815301076,1909f56bfc062723c751e8b465ee728b)  -> (artifact id: '7604a14f34ce2c11206363c367f418f9') in 0.012717 seconds
  Import took 0.016232 seconds .

========================================================================
Received Import Request.
  Time since last request: 0.000133 seconds.
  path: Assets/Interior/Prefabs/Structure/Doors_Windows/Neo_Window_03_snaps001.prefab
  artifactKey: Guid(6304a01768bae4e468526e3fbe4e197b) Importer(815301076,1909f56bfc062723c751e8b465ee728b)
Start importing Assets/Interior/Prefabs/Structure/Doors_Windows/Neo_Window_03_snaps001.prefab using Guid(6304a01768bae4e468526e3fbe4e197b) Importer(815301076,1909f56bfc062723c751e8b465ee728b)  -> (artifact id: '25869bf9a292bfa51aa21ccd036b2d97') in 0.012739 seconds
  Import took 0.016043 seconds .

========================================================================
Received Import Request.
  Time since last request: 0.000123 seconds.
  path: Assets/Interior/Prefabs/Structure/Doors_Windows/Neo_DoubleDoor_01_snaps001.prefab
  artifactKey: Guid(b6ab41f6f3dff8c4f856c726c6bd1f9d) Importer(815301076,1909f56bfc062723c751e8b465ee728b)
Start importing Assets/Interior/Prefabs/Structure/Doors_Windows/Neo_DoubleDoor_01_snaps001.prefab using Guid(b6ab41f6f3dff8c4f856c726c6bd1f9d) Importer(815301076,1909f56bfc062723c751e8b465ee728b)  -> (artifact id: 'a774d5f32ac0f27ee67e81464120e301') in 0.012706 seconds
  Import took 0.015791 seconds .

========================================================================
Received Import Request.
  Time since last request: 0.000145 seconds.
  path: Assets/Interior/Prefabs/Structure/Doors_Windows/Classic_Window_03_snaps001.prefab
  artifactKey: Guid(2ad26ea27b3cfdd4d9ad9f7c8528df94) Importer(815301076,1909f56bfc062723c751e8b465ee728b)
Start importing Assets/Interior/Prefabs/Structure/Doors_Windows/Classic_Window_03_snaps001.prefab using Guid(2ad26ea27b3cfdd4d9ad9f7c8528df94) Importer(815301076,1909f56bfc062723c751e8b465ee728b)  -> (artifact id: '18960eedc80958d4b02f8687b062c63e') in 0.014212 seconds
  Import took 0.017913 seconds .

========================================================================
Received Import Request.
  Time since last request: 0.000130 seconds.
  path: Assets/Interior/Prefabs/Structure/Doors_Windows/Neo_Window_01_snaps001.prefab
  artifactKey: Guid(bffc3aa20b81e244687b7d6c4451c7ff) Importer(815301076,1909f56bfc062723c751e8b465ee728b)
Start importing Assets/Interior/Prefabs/Structure/Doors_Windows/Neo_Window_01_snaps001.prefab using Guid(bffc3aa20b81e244687b7d6c4451c7ff) Importer(815301076,1909f56bfc062723c751e8b465ee728b)  -> (artifact id: 'bac21239f9eecd33148a0735c6a76baf') in 0.012314 seconds
  Import took 0.015836 seconds .

========================================================================
Received Import Request.
  Time since last request: 0.000131 seconds.
  path: Assets/Interior/Prefabs/Structure/Doors_Windows/Classic_Window_01_snaps001.prefab
  artifactKey: Guid(285813f2f8183d548b81784d33f4ee22) Importer(815301076,1909f56bfc062723c751e8b465ee728b)
Start importing Assets/Interior/Prefabs/Structure/Doors_Windows/Classic_Window_01_snaps001.prefab using Guid(285813f2f8183d548b81784d33f4ee22) Importer(815301076,1909f56bfc062723c751e8b465ee728b)  -> (artifact id: 'f19b7954d68d4984230371dd083e44b2') in 0.012795 seconds
  Import took 0.015831 seconds .

========================================================================
Received Import Request.
  Time since last request: 0.000125 seconds.
  path: Assets/Interior/Prefabs/Structure/Doors_Windows/Neo_Door_01_snaps001.prefab
  artifactKey: Guid(548b55d3e2f945942be6ac7612199877) Importer(815301076,1909f56bfc062723c751e8b465ee728b)
Start importing Assets/Interior/Prefabs/Structure/Doors_Windows/Neo_Door_01_snaps001.prefab using Guid(548b55d3e2f945942be6ac7612199877) Importer(815301076,1909f56bfc062723c751e8b465ee728b)  -> (artifact id: '88655fe43e4ea67476d86adbc5f35dc6') in 0.012202 seconds
  Import took 0.015185 seconds .

========================================================================
Received Import Request.
  Time since last request: 1.819290 seconds.
  path: Assets/Interior/Prefabs/Structure/Doors_Windows/Meshes
  artifactKey: Guid(da8b9b6d8e4d3024da58ebde54245b7e) Importer(815301076,1909f56bfc062723c751e8b465ee728b)
Start importing Assets/Interior/Prefabs/Structure/Doors_Windows/Meshes using Guid(da8b9b6d8e4d3024da58ebde54245b7e) Importer(815301076,1909f56bfc062723c751e8b465ee728b)  -> (artifact id: '582248ae08a7d6d73f4e2d934ef46bb2') in 0.005150 seconds
  Import took 0.008498 seconds .

========================================================================
Received Import Request.
  Time since last request: 0.094608 seconds.
  path: Assets/Interior/Prefabs/Structure/Doors_Windows/Meshes/Classic_Door_01_snaps001.asset
  artifactKey: Guid(35f1de9d25a6b314a9fe72a80dd93be6) Importer(815301076,1909f56bfc062723c751e8b465ee728b)
Start importing Assets/Interior/Prefabs/Structure/Doors_Windows/Meshes/Classic_Door_01_snaps001.asset using Guid(35f1de9d25a6b314a9fe72a80dd93be6) Importer(815301076,1909f56bfc062723c751e8b465ee728b)  -> (artifact id: '576e5e7a59f35335fbc29929d7da0a80') in 0.030408 seconds
  Import took 0.034012 seconds .

========================================================================
Received Import Request.
  Time since last request: 0.000108 seconds.
  path: Assets/Interior/Prefabs/Structure/Doors_Windows/Meshes/Classic_Window_02_snaps001.asset
  artifactKey: Guid(fe6c34f730f2f03408bd3da5c93ccdb8) Importer(815301076,1909f56bfc062723c751e8b465ee728b)
Start importing Assets/Interior/Prefabs/Structure/Doors_Windows/Meshes/Classic_Window_02_snaps001.asset using Guid(fe6c34f730f2f03408bd3da5c93ccdb8) Importer(815301076,1909f56bfc062723c751e8b465ee728b)  -> (artifact id: 'c52641cffcb6b2a594ee96e01863e0ec') in 0.007430 seconds
  Import took 0.010411 seconds .

========================================================================
Received Import Request.
  Time since last request: 0.000139 seconds.
  path: Assets/Interior/Prefabs/Structure/Doors_Windows/Meshes/Classic_DoubleDoor_01_snaps001.asset
  artifactKey: Guid(6df3f66b80ffdb1438f5a4715501c357) Importer(815301076,1909f56bfc062723c751e8b465ee728b)
Start importing Assets/Interior/Prefabs/Structure/Doors_Windows/Meshes/Classic_DoubleDoor_01_snaps001.asset using Guid(6df3f66b80ffdb1438f5a4715501c357) Importer(815301076,1909f56bfc062723c751e8b465ee728b)  -> (artifact id: 'eda9e1e1fd9af7b6aaa43f2ce5eab55d') in 0.007678 seconds
  Import took 0.010708 seconds .

========================================================================
Received Import Request.
  Time since last request: 0.000135 seconds.
  path: Assets/Interior/Prefabs/Structure/Doors_Windows/Meshes/Classic_Window_01_snaps001.asset
  artifactKey: Guid(202be08c23bd4ed47baab4b4b81ff042) Importer(815301076,1909f56bfc062723c751e8b465ee728b)
Start importing Assets/Interior/Prefabs/Structure/Doors_Windows/Meshes/Classic_Window_01_snaps001.asset using Guid(202be08c23bd4ed47baab4b4b81ff042) Importer(815301076,1909f56bfc062723c751e8b465ee728b)  -> (artifact id: 'ef3cd65cfb638296a58c70d4051492a7') in 0.006879 seconds
  Import took 0.009920 seconds .

========================================================================
Received Import Request.
  Time since last request: 0.000134 seconds.
  path: Assets/Interior/Prefabs/Structure/Doors_Windows/Meshes/Classic_Window_03_snaps001.asset
  artifactKey: Guid(c26bd721c641a2347b59f66b61f83604) Importer(815301076,1909f56bfc062723c751e8b465ee728b)
Start importing Assets/Interior/Prefabs/Structure/Doors_Windows/Meshes/Classic_Window_03_snaps001.asset using Guid(c26bd721c641a2347b59f66b61f83604) Importer(815301076,1909f56bfc062723c751e8b465ee728b)  -> (artifact id: 'd5b48b69b748d0b577954459bb5cf131') in 0.006969 seconds
  Import took 0.010578 seconds .

========================================================================
Received Import Request.
  Time since last request: 36.258417 seconds.
  path: Assets/Materials/Players
  artifactKey: Guid(be53a40101d66a64e9fb46a7759c154e) Importer(815301076,1909f56bfc062723c751e8b465ee728b)
Start importing Assets/Materials/Players using Guid(be53a40101d66a64e9fb46a7759c154e) Importer(815301076,1909f56bfc062723c751e8b465ee728b)  -> (artifact id: '3305947fdc41e34be1382ac1c2426220') in 0.004651 seconds
  Import took 0.008613 seconds .

========================================================================
Received Import Request.
  Time since last request: 10.020084 seconds.
  path: Assets/Materials/Platforms
  artifactKey: Guid(072151485e1d4ff4f968b946559b483d) Importer(815301076,1909f56bfc062723c751e8b465ee728b)
Start importing Assets/Materials/Platforms using Guid(072151485e1d4ff4f968b946559b483d) Importer(815301076,1909f56bfc062723c751e8b465ee728b)  -> (artifact id: 'e7b20a96ac474b2e63c0c917fadc4ddd') in 0.005034 seconds
  Import took 0.009190 seconds .

========================================================================
Received Import Request.
  Time since last request: 14.387399 seconds.
  path: Assets/Particles/Scenes
  artifactKey: Guid(311ecc912f5824148abab36870ba6ef4) Importer(815301076,1909f56bfc062723c751e8b465ee728b)
Start importing Assets/Particles/Scenes using Guid(311ecc912f5824148abab36870ba6ef4) Importer(815301076,1909f56bfc062723c751e8b465ee728b)  -> (artifact id: '3914a6c796e7326bb580d02b4f3b2c5c') in 0.005300 seconds
  Import took 0.008860 seconds .

========================================================================
Received Import Request.
  Time since last request: 2.031369 seconds.
  path: Assets/Particles/Textures
  artifactKey: Guid(297f6df657122674e84b8c9346b05be6) Importer(815301076,1909f56bfc062723c751e8b465ee728b)
Start importing Assets/Particles/Textures using Guid(297f6df657122674e84b8c9346b05be6) Importer(815301076,1909f56bfc062723c751e8b465ee728b)  -> (artifact id: 'f4a9ac5131d10c3ae1924a05c1d3c374') in 0.004359 seconds
  Import took 0.008296 seconds .

========================================================================
Received Import Request.
  Time since last request: 0.116728 seconds.
  path: Assets/Particles/Textures/PolygonParticles_Bubble.png
  artifactKey: Guid(60847f2556c444a438e138e034f0ae83) Importer(815301076,1909f56bfc062723c751e8b465ee728b)
Start importing Assets/Particles/Textures/PolygonParticles_Bubble.png using Guid(60847f2556c444a438e138e034f0ae83) Importer(815301076,1909f56bfc062723c751e8b465ee728b)  -> (artifact id: '25c6bd2c3aa4ab3d91cf8c859654a201') in 0.011336 seconds
  Import took 0.015392 seconds .

========================================================================
Received Import Request.
  Time since last request: 0.000134 seconds.
  path: Assets/Particles/Textures/PolygonParticles_Portal_Single_Chipped.png
  artifactKey: Guid(8a4b0e610ec24c44aaf3f934e7ab1392) Importer(815301076,1909f56bfc062723c751e8b465ee728b)
Start importing Assets/Particles/Textures/PolygonParticles_Portal_Single_Chipped.png using Guid(8a4b0e610ec24c44aaf3f934e7ab1392) Importer(815301076,1909f56bfc062723c751e8b465ee728b)  -> (artifact id: '40709721dbcd4d9052443bbeac25db58') in 0.012253 seconds
  Import took 0.015516 seconds .

========================================================================
Received Import Request.
  Time since last request: 0.000121 seconds.
  path: Assets/Particles/Textures/PolygonParticles_Swipe_01.png
  artifactKey: Guid(ce1c15ae60b1d1147a4c121b6c97d6b2) Importer(815301076,1909f56bfc062723c751e8b465ee728b)
Start importing Assets/Particles/Textures/PolygonParticles_Swipe_01.png using Guid(ce1c15ae60b1d1147a4c121b6c97d6b2) Importer(815301076,1909f56bfc062723c751e8b465ee728b)  -> (artifact id: 'e6b90cdd68a708ee8e319d9580d63658') in 0.024782 seconds
  Import took 0.028136 seconds .

========================================================================
Received Import Request.
  Time since last request: 0.000149 seconds.
  path: Assets/Particles/Textures/PolygonParticles_Fumes_04.png
  artifactKey: Guid(2eb84df899ad7fc4aa3b987e587d5fcb) Importer(815301076,1909f56bfc062723c751e8b465ee728b)
Start importing Assets/Particles/Textures/PolygonParticles_Fumes_04.png using Guid(2eb84df899ad7fc4aa3b987e587d5fcb) Importer(815301076,1909f56bfc062723c751e8b465ee728b)  -> (artifact id: 'b52a86525541cb93f69dc5b0286cdfab') in 0.012817 seconds
  Import took 0.015907 seconds .

========================================================================
Received Import Request.
  Time since last request: 0.000148 seconds.
  path: Assets/Particles/Textures/PolygonParticles_Circle_01.png
  artifactKey: Guid(7cc0b541520b0734c80ea6934a192675) Importer(815301076,1909f56bfc062723c751e8b465ee728b)
Start importing Assets/Particles/Textures/PolygonParticles_Circle_01.png using Guid(7cc0b541520b0734c80ea6934a192675) Importer(815301076,1909f56bfc062723c751e8b465ee728b)  -> (artifact id: '9a9e792f8c1e951dd53a0e7f54da7bdb') in 0.009732 seconds
  Import took 0.012932 seconds .

========================================================================
Received Import Request.
  Time since last request: 0.000113 seconds.
  path: Assets/Particles/Textures/PolygonParticles_Bubble_02.png
  artifactKey: Guid(6c7a37c6766adfc4fac5dffdb14284f4) Importer(815301076,1909f56bfc062723c751e8b465ee728b)
Start importing Assets/Particles/Textures/PolygonParticles_Bubble_02.png using Guid(6c7a37c6766adfc4fac5dffdb14284f4) Importer(815301076,1909f56bfc062723c751e8b465ee728b)  -> (artifact id: '880178af47724986297e0a809688a5cc') in 0.011758 seconds
  Import took 0.014654 seconds .

========================================================================
Received Import Request.
  Time since last request: 0.000138 seconds.
  path: Assets/Particles/Textures/PolygonParticles_HalfCircle.png
  artifactKey: Guid(ce52a7627f791234aa84f247915ff610) Importer(815301076,1909f56bfc062723c751e8b465ee728b)
Start importing Assets/Particles/Textures/PolygonParticles_HalfCircle.png using Guid(ce52a7627f791234aa84f247915ff610) Importer(815301076,1909f56bfc062723c751e8b465ee728b)  -> (artifact id: '0de27463f5135c6f02f6cb4918b12e78') in 0.011757 seconds
  Import took 0.015311 seconds .

========================================================================
Received Import Request.
  Time since last request: 0.000125 seconds.
  path: Assets/Particles/Textures/PolygonParticles_Circle_Dark_01.png
  artifactKey: Guid(913d37094a541b842b4f18f393f40ecb) Importer(815301076,1909f56bfc062723c751e8b465ee728b)
Start importing Assets/Particles/Textures/PolygonParticles_Circle_Dark_01.png using Guid(913d37094a541b842b4f18f393f40ecb) Importer(815301076,1909f56bfc062723c751e8b465ee728b)  -> (artifact id: 'c8f26519ffd40f25d3641cad10935eda') in 0.011491 seconds
  Import took 0.014827 seconds .

========================================================================
Received Import Request.
  Time since last request: 0.000121 seconds.
  path: Assets/Particles/Textures/PolygonParticles_GroundBreak.png
  artifactKey: Guid(b42eef5c44cfeff449e52cd481203575) Importer(815301076,1909f56bfc062723c751e8b465ee728b)
Start importing Assets/Particles/Textures/PolygonParticles_GroundBreak.png using Guid(b42eef5c44cfeff449e52cd481203575) Importer(815301076,1909f56bfc062723c751e8b465ee728b)  -> (artifact id: 'a7dc0c2a8ab53699578d86c660017d12') in 0.013943 seconds
  Import took 0.017017 seconds .

========================================================================
Received Import Request.
  Time since last request: 0.000126 seconds.
  path: Assets/Particles/Textures/PolygonParticles_Wind.png
  artifactKey: Guid(bdf00413f80cc3f48a0036afb20b48bb) Importer(815301076,1909f56bfc062723c751e8b465ee728b)
Start importing Assets/Particles/Textures/PolygonParticles_Wind.png using Guid(bdf00413f80cc3f48a0036afb20b48bb) Importer(815301076,1909f56bfc062723c751e8b465ee728b)  -> (artifact id: 'cf385f3fb2d1431c3eb7c421200d9c26') in 0.012365 seconds
  Import took 0.015503 seconds .

========================================================================
Received Import Request.
  Time since last request: 0.000150 seconds.
  path: Assets/Particles/Textures/PolygonParticles_Soft_Spot.png
  artifactKey: Guid(d5170007006368747b4faea8550619cf) Importer(815301076,1909f56bfc062723c751e8b465ee728b)
Start importing Assets/Particles/Textures/PolygonParticles_Soft_Spot.png using Guid(d5170007006368747b4faea8550619cf) Importer(815301076,1909f56bfc062723c751e8b465ee728b)  -> (artifact id: '5db797e3ebbcc2dbb122f8465ed5aa9e') in 0.012816 seconds
  Import took 0.016068 seconds .

========================================================================
Received Import Request.
  Time since last request: 0.000108 seconds.
  path: Assets/Particles/Textures/PolygonParticles_Smoke_01.png
  artifactKey: Guid(608b0bba5c9806149ae5d24a33c606de) Importer(815301076,1909f56bfc062723c751e8b465ee728b)
Start importing Assets/Particles/Textures/PolygonParticles_Smoke_01.png using Guid(608b0bba5c9806149ae5d24a33c606de) Importer(815301076,1909f56bfc062723c751e8b465ee728b)  -> (artifact id: '8f3e2fea42765895ca773b3007951130') in 0.007754 seconds
  Import took 0.010399 seconds .

========================================================================
Received Import Request.
  Time since last request: 0.000139 seconds.
  path: Assets/Particles/Textures/PolygonParticles_Swipe_02.png
  artifactKey: Guid(a9a7424a52149bb4b84da7a71341f1df) Importer(815301076,1909f56bfc062723c751e8b465ee728b)
Start importing Assets/Particles/Textures/PolygonParticles_Swipe_02.png using Guid(a9a7424a52149bb4b84da7a71341f1df) Importer(815301076,1909f56bfc062723c751e8b465ee728b)  -> (artifact id: 'cc49ee202e6f978bcd91002975f1bbd8') in 0.011636 seconds
  Import took 0.014827 seconds .

========================================================================
Received Import Request.
  Time since last request: 0.000109 seconds.
  path: Assets/Particles/Textures/PolygonParticles_Fumes_02.png
  artifactKey: Guid(35fe97dffff1d60489cad17aa767c885) Importer(815301076,1909f56bfc062723c751e8b465ee728b)
Start importing Assets/Particles/Textures/PolygonParticles_Fumes_02.png using Guid(35fe97dffff1d60489cad17aa767c885) Importer(815301076,1909f56bfc062723c751e8b465ee728b)  -> (artifact id: '22c6be79b2007f9fa12a1070a5514113') in 0.013537 seconds
  Import took 0.016382 seconds .

========================================================================
Received Import Request.
  Time since last request: 0.000121 seconds.
  path: Assets/Particles/Textures/PolygonParticles_RainbowCircle.png
  artifactKey: Guid(b9f7df66400b4354b98f61c735542521) Importer(815301076,1909f56bfc062723c751e8b465ee728b)
Start importing Assets/Particles/Textures/PolygonParticles_RainbowCircle.png using Guid(b9f7df66400b4354b98f61c735542521) Importer(815301076,1909f56bfc062723c751e8b465ee728b)  -> (artifact id: 'f9966fcb6ec52e971d73341ea0287287') in 0.028832 seconds
  Import took 0.032016 seconds .

========================================================================
Received Import Request.
  Time since last request: 0.000128 seconds.
  path: Assets/Particles/Textures/PolygonParticles_Lightning_02.png
  artifactKey: Guid(b1351c11dea42f845af85e73da6579f6) Importer(815301076,1909f56bfc062723c751e8b465ee728b)
Start importing Assets/Particles/Textures/PolygonParticles_Lightning_02.png using Guid(b1351c11dea42f845af85e73da6579f6) Importer(815301076,1909f56bfc062723c751e8b465ee728b)  -> (artifact id: '38db9d4e106e1930b4dce23df0079531') in 0.010914 seconds
  Import took 0.014062 seconds .

========================================================================
Received Import Request.
  Time since last request: 0.000135 seconds.
  path: Assets/Particles/Textures/PolygonParticles_RitualCircle_01.png
  artifactKey: Guid(a0b77b3cfe92a174e82c48936951c8f5) Importer(815301076,1909f56bfc062723c751e8b465ee728b)
Start importing Assets/Particles/Textures/PolygonParticles_RitualCircle_01.png using Guid(a0b77b3cfe92a174e82c48936951c8f5) Importer(815301076,1909f56bfc062723c751e8b465ee728b)  -> (artifact id: '61e5e539668c1d0febfd84a4217d9c0a') in 0.012713 seconds
  Import took 0.015876 seconds .

========================================================================
Received Import Request.
  Time since last request: 0.000123 seconds.
  path: Assets/Particles/Textures/PolygonParticles_Sparkle.png
  artifactKey: Guid(3ccce67bd48bfcd459a2ef0393fdf83e) Importer(815301076,1909f56bfc062723c751e8b465ee728b)
Start importing Assets/Particles/Textures/PolygonParticles_Sparkle.png using Guid(3ccce67bd48bfcd459a2ef0393fdf83e) Importer(815301076,1909f56bfc062723c751e8b465ee728b)  -> (artifact id: '78204b19c8dda40ba2862cc83f17d31a') in 0.006930 seconds
  Import took 0.010311 seconds .

========================================================================
Received Import Request.
  Time since last request: 0.000141 seconds.
  path: Assets/Particles/Textures/PolygonParticles_Wings_Grid.png
  artifactKey: Guid(5f9e461b624488b4e8132701494f4867) Importer(815301076,1909f56bfc062723c751e8b465ee728b)
Start importing Assets/Particles/Textures/PolygonParticles_Wings_Grid.png using Guid(5f9e461b624488b4e8132701494f4867) Importer(815301076,1909f56bfc062723c751e8b465ee728b)  -> (artifact id: 'c99c6893305c629056d3fa385689e7e6') in 0.022811 seconds
  Import took 0.026630 seconds .

========================================================================
Received Import Request.
  Time since last request: 0.000129 seconds.
  path: Assets/Particles/Textures/PolygonParticles_BulletTrail.png
  artifactKey: Guid(03f9cd753cdaef945b4cefdcda283901) Importer(815301076,1909f56bfc062723c751e8b465ee728b)
Start importing Assets/Particles/Textures/PolygonParticles_BulletTrail.png using Guid(03f9cd753cdaef945b4cefdcda283901) Importer(815301076,1909f56bfc062723c751e8b465ee728b)  -> (artifact id: 'd33f87d79423c120407345e20f432802') in 0.011731 seconds
  Import took 0.015190 seconds .

========================================================================
Received Import Request.
  Time since last request: 0.000129 seconds.
  path: Assets/Particles/Textures/PolygonParticles_Circle_02.png
  artifactKey: Guid(3b8dc5e143e5ce748bbbb8cca21399cf) Importer(815301076,1909f56bfc062723c751e8b465ee728b)
Start importing Assets/Particles/Textures/PolygonParticles_Circle_02.png using Guid(3b8dc5e143e5ce748bbbb8cca21399cf) Importer(815301076,1909f56bfc062723c751e8b465ee728b)  -> (artifact id: '79e67336668675b31dac63dea48866b0') in 0.011336 seconds
  Import took 0.014395 seconds .

========================================================================
Received Import Request.
  Time since last request: 0.000160 seconds.
  path: Assets/Particles/Textures/PolygonParticles_Ring_02.png
  artifactKey: Guid(d22dd282ce7c3874d954fa2e7893991b) Importer(815301076,1909f56bfc062723c751e8b465ee728b)
Start importing Assets/Particles/Textures/PolygonParticles_Ring_02.png using Guid(d22dd282ce7c3874d954fa2e7893991b) Importer(815301076,1909f56bfc062723c751e8b465ee728b)  -> (artifact id: '9b7daa196e0050ade0bb354a0f9fe70f') in 0.010557 seconds
  Import took 0.013536 seconds .

========================================================================
Received Import Request.
  Time since last request: 0.000129 seconds.
  path: Assets/Particles/Textures/PolygonParticles_Soft_Spot_Dark.png
  artifactKey: Guid(c8660b4dcd717b846900ad32c22a9162) Importer(815301076,1909f56bfc062723c751e8b465ee728b)
Start importing Assets/Particles/Textures/PolygonParticles_Soft_Spot_Dark.png using Guid(c8660b4dcd717b846900ad32c22a9162) Importer(815301076,1909f56bfc062723c751e8b465ee728b)  -> (artifact id: '12ed5f62b655022b312034ebef9aceab') in 0.012033 seconds
  Import took 0.015319 seconds .

========================================================================
Received Import Request.
  Time since last request: 0.000155 seconds.
  path: Assets/Particles/Textures/PolygonParticles_SemiCircle.png
  artifactKey: Guid(f07e4b81cfc00d24e88a4b58da56db3e) Importer(815301076,1909f56bfc062723c751e8b465ee728b)
Start importing Assets/Particles/Textures/PolygonParticles_SemiCircle.png using Guid(f07e4b81cfc00d24e88a4b58da56db3e) Importer(815301076,1909f56bfc062723c751e8b465ee728b)  -> (artifact id: '92f8b5043ffb4bcffd152c713cc28754') in 0.013996 seconds
  Import took 0.017244 seconds .

========================================================================
Received Import Request.
  Time since last request: 0.000133 seconds.
  path: Assets/Particles/Textures/PolygonParticles_Shell_01.png
  artifactKey: Guid(2458a5e8960caf942b6e5fdee34bcdf9) Importer(815301076,1909f56bfc062723c751e8b465ee728b)
Start importing Assets/Particles/Textures/PolygonParticles_Shell_01.png using Guid(2458a5e8960caf942b6e5fdee34bcdf9) Importer(815301076,1909f56bfc062723c751e8b465ee728b)  -> (artifact id: '837e3050bd91f459e44d7611d7e9af1c') in 0.011393 seconds
  Import took 0.014185 seconds .

========================================================================
Received Import Request.
  Time since last request: 79.060468 seconds.
  path: Assets/Particles/FX/Bullet Impact.prefab
  artifactKey: Guid(68e1d362713457b4cb9ee746261720e6) Importer(815301076,1909f56bfc062723c751e8b465ee728b)
Start importing Assets/Particles/FX/Bullet Impact.prefab using Guid(68e1d362713457b4cb9ee746261720e6) Importer(815301076,1909f56bfc062723c751e8b465ee728b)  -> (artifact id: '07f1f2abed000d3bc78b9a78e11c8568') in 0.007727 seconds
  Import took 0.011261 seconds .

========================================================================
Received Import Request.
  Time since last request: 258.940448 seconds.
  path: Assets/Particles/Materials
  artifactKey: Guid(1df57f540b8fd234dbfba2eb41012513) Importer(815301076,1909f56bfc062723c751e8b465ee728b)
Start importing Assets/Particles/Materials using Guid(1df57f540b8fd234dbfba2eb41012513) Importer(815301076,1909f56bfc062723c751e8b465ee728b)  -> (artifact id: '16b6def53a5f092fe53b01a40b4e7831') in 0.004754 seconds
  Import took 0.008540 seconds .

========================================================================
Received Import Request.
  Time since last request: 31.934195 seconds.
  path: Assets/Particles/Prefabs
  artifactKey: Guid(f4995e8d74916e44f911dc604bd763d3) Importer(815301076,1909f56bfc062723c751e8b465ee728b)
Start importing Assets/Particles/Prefabs using Guid(f4995e8d74916e44f911dc604bd763d3) Importer(815301076,1909f56bfc062723c751e8b465ee728b)  -> (artifact id: '34ba710efa7cb32336a3fff8ed6e5212') in 0.004712 seconds
  Import took 0.008160 seconds .

========================================================================
Received Import Request.
  Time since last request: 7.765606 seconds.
  path: Assets/Particles/LowPoly Sphere.fbx
  artifactKey: Guid(219de587148d8bb41a8e255859dafe53) Importer(815301076,1909f56bfc062723c751e8b465ee728b)
Start importing Assets/Particles/LowPoly Sphere.fbx using Guid(219de587148d8bb41a8e255859dafe53) Importer(815301076,1909f56bfc062723c751e8b465ee728b)  -> (artifact id: 'c28f94e3a28f2ac9806f3c52e5d081a7') in 0.026790 seconds
  Import took 0.030885 seconds .

========================================================================
Received Import Request.
  Time since last request: 137.263826 seconds.
  path: Assets/Particles/Circle.png
  artifactKey: Guid(7cc0b541520b0734c80ea6934a192675) Importer(815301076,1909f56bfc062723c751e8b465ee728b)
Start importing Assets/Particles/Circle.png using Guid(7cc0b541520b0734c80ea6934a192675) Importer(815301076,1909f56bfc062723c751e8b465ee728b)  -> (artifact id: '0a75512b50b0c8ecaffa80389198a02a') in 0.006973 seconds
  Import took 0.010737 seconds .

========================================================================
Received Import Request.
  Time since last request: 23.159460 seconds.
  path: Assets/Particles/LowPoly Flame.fbx
  artifactKey: Guid(860f45db46c9a3e4a9bc3a4d3c5dc882) Importer(815301076,1909f56bfc062723c751e8b465ee728b)
Start importing Assets/Particles/LowPoly Flame.fbx using Guid(860f45db46c9a3e4a9bc3a4d3c5dc882) Importer(815301076,1909f56bfc062723c751e8b465ee728b)  -> (artifact id: '3d83b2e5f977d2eb7135eea606a50dda') in 0.010260 seconds
  Import took 0.014224 seconds .

========================================================================
Received Import Request.
  Time since last request: 7.984975 seconds.
  path: Assets/Particles/Debris01.fbx
  artifactKey: Guid(42d285dbfe3e3b64189e747d4e5ab2b2) Importer(815301076,1909f56bfc062723c751e8b465ee728b)
Start importing Assets/Particles/Debris01.fbx using Guid(42d285dbfe3e3b64189e747d4e5ab2b2) Importer(815301076,1909f56bfc062723c751e8b465ee728b)  -> (artifact id: '89302d0c828c2b6a51ffd5b6553ed09f') in 0.010841 seconds
  Import took 0.015004 seconds .

========================================================================
Received Import Request.
  Time since last request: 4.958284 seconds.
  path: Assets/Particles/Debris02.fbx
  artifactKey: Guid(7330bdfd8fa2561418b84fbde0d69547) Importer(815301076,1909f56bfc062723c751e8b465ee728b)
Start importing Assets/Particles/Debris02.fbx using Guid(7330bdfd8fa2561418b84fbde0d69547) Importer(815301076,1909f56bfc062723c751e8b465ee728b)  -> (artifact id: 'cbe2b635e6f34b3ec9915ad7a4a9b778') in 0.010863 seconds
  Import took 0.014981 seconds .

========================================================================
Received Import Request.
  Time since last request: 7.102960 seconds.
  path: Assets/Particles/Debris03.fbx
  artifactKey: Guid(f692cd1ae6eb2224f8a912dc75a9fe7e) Importer(815301076,1909f56bfc062723c751e8b465ee728b)
Start importing Assets/Particles/Debris03.fbx using Guid(f692cd1ae6eb2224f8a912dc75a9fe7e) Importer(815301076,1909f56bfc062723c751e8b465ee728b)  -> (artifact id: 'c7b4a98740538ef7d8324189a657d3c7') in 0.010908 seconds
  Import took 0.014577 seconds .

========================================================================
Received Import Request.
  Time since last request: 4.828758 seconds.
  path: Assets/Particles/Debris04.fbx
  artifactKey: Guid(280c0d6d103b97d44822e59f9aa95833) Importer(815301076,1909f56bfc062723c751e8b465ee728b)
Start importing Assets/Particles/Debris04.fbx using Guid(280c0d6d103b97d44822e59f9aa95833) Importer(815301076,1909f56bfc062723c751e8b465ee728b)  -> (artifact id: 'b470b9c9fb060cef4bd0c5da71ed6c3f') in 0.011271 seconds
  Import took 0.015113 seconds .

========================================================================
Received Import Request.
  Time since last request: 11.237418 seconds.
  path: Assets/Particles/Models
  artifactKey: Guid(7c404e7724953024fb42c76f03230114) Importer(815301076,1909f56bfc062723c751e8b465ee728b)
Start importing Assets/Particles/Models using Guid(7c404e7724953024fb42c76f03230114) Importer(815301076,1909f56bfc062723c751e8b465ee728b)  -> (artifact id: '233ce2aef72b260ff212aa1d8688b29c') in 0.005237 seconds
  Import took 0.008695 seconds .

========================================================================
Received Import Request.
  Time since last request: 11.366645 seconds.
  path: Assets/Particles/Textures
  artifactKey: Guid(297f6df657122674e84b8c9346b05be6) Importer(815301076,1909f56bfc062723c751e8b465ee728b)
Start importing Assets/Particles/Textures using Guid(297f6df657122674e84b8c9346b05be6) Importer(815301076,1909f56bfc062723c751e8b465ee728b)  -> (artifact id: '0e4b25c98a17db10c2a7ba133985ca0a') in 0.005383 seconds
  Import took 0.009261 seconds .

========================================================================
Received Import Request.
  Time since last request: 11.724350 seconds.
  path: Assets/Particles/Sprites
  artifactKey: Guid(e70e4d5193f17cf44ba449db83bfac6f) Importer(815301076,1909f56bfc062723c751e8b465ee728b)
Start importing Assets/Particles/Sprites using Guid(e70e4d5193f17cf44ba449db83bfac6f) Importer(815301076,1909f56bfc062723c751e8b465ee728b)  -> (artifact id: '3c04cd2a92264acc8d6e744964ba9519') in 0.004315 seconds
  Import took 0.007793 seconds .

========================================================================
Received Import Request.
  Time since last request: 36.326198 seconds.
  path: Assets/Post Processing/Global Volume Profile.asset
  artifactKey: Guid(8e3dc0c8d881cdb498949cbdb5ccc558) Importer(815301076,1909f56bfc062723c751e8b465ee728b)
Start importing Assets/Post Processing/Global Volume Profile.asset using Guid(8e3dc0c8d881cdb498949cbdb5ccc558) Importer(815301076,1909f56bfc062723c751e8b465ee728b)  -> (artifact id: 'c08485d17e4a6c4d060a4bb57d8bee39') in 0.007277 seconds
  Import took 0.010911 seconds .

========================================================================
Received Import Request.
  Time since last request: 14.737583 seconds.
  path: Assets/PostProcess
  artifactKey: Guid(0619a1347d11ef64397856605d14d1d6) Importer(815301076,1909f56bfc062723c751e8b465ee728b)
Start importing Assets/PostProcess using Guid(0619a1347d11ef64397856605d14d1d6) Importer(815301076,1909f56bfc062723c751e8b465ee728b)  -> (artifact id: 'df735890386319924e620a8f240bf0d0') in 0.005059 seconds
  Import took 0.008723 seconds .

========================================================================
Received Import Request.
  Time since last request: 4.447188 seconds.
  path: Assets/Volume
  artifactKey: Guid(0619a1347d11ef64397856605d14d1d6) Importer(815301076,1909f56bfc062723c751e8b465ee728b)
Start importing Assets/Volume using Guid(0619a1347d11ef64397856605d14d1d6) Importer(815301076,1909f56bfc062723c751e8b465ee728b)  -> (artifact id: '5d07c6b516b7e91281768bf4d7067462') in 0.005240 seconds
  Import took 0.008950 seconds .

========================================================================
Received Import Request.
  Time since last request: 2.027740 seconds.
  path: Assets/Presets/AudioCompressedInMemory.preset
  artifactKey: Guid(2dd802e4d37c65149922028d3e973832) Importer(815301076,1909f56bfc062723c751e8b465ee728b)
Start importing Assets/Presets/AudioCompressedInMemory.preset using Guid(2dd802e4d37c65149922028d3e973832) Importer(815301076,1909f56bfc062723c751e8b465ee728b)  -> (artifact id: 'e698f90e6368db904c30b1de094b241d') in 0.009948 seconds
  Import took 0.013372 seconds .

========================================================================
Received Import Request.
  Time since last request: 0.000133 seconds.
  path: Assets/Presets/AudioStreaming.preset
  artifactKey: Guid(86bcce7f5575b54408aa0f3a7d321039) Importer(815301076,1909f56bfc062723c751e8b465ee728b)
Start importing Assets/Presets/AudioStreaming.preset using Guid(86bcce7f5575b54408aa0f3a7d321039) Importer(815301076,1909f56bfc062723c751e8b465ee728b)  -> (artifact id: 'fc8972297000ffcae89b2e9fe97865fa') in 0.008320 seconds
  Import took 0.011425 seconds .

========================================================================
Received Import Request.
  Time since last request: 37.866949 seconds.
  path: Assets/Scripts/Task B/Camera Shake
  artifactKey: Guid(3356cf7d0e78bc04f86c8aa53fb7086e) Importer(815301076,1909f56bfc062723c751e8b465ee728b)
Start importing Assets/Scripts/Task B/Camera Shake using Guid(3356cf7d0e78bc04f86c8aa53fb7086e) Importer(815301076,1909f56bfc062723c751e8b465ee728b)  -> (artifact id: '50b870e1b80d5432152cddac9bfd84f4') in 0.005049 seconds
  Import took 0.008520 seconds .

========================================================================
Received Import Request.
  Time since last request: 5.785090 seconds.
  path: Assets/Scripts/Task B/CamShake
  artifactKey: Guid(3356cf7d0e78bc04f86c8aa53fb7086e) Importer(815301076,1909f56bfc062723c751e8b465ee728b)
Start importing Assets/Scripts/Task B/CamShake using Guid(3356cf7d0e78bc04f86c8aa53fb7086e) Importer(815301076,1909f56bfc062723c751e8b465ee728b)  -> (artifact id: '05aba9d5bccfcb6a30713732baf62715') in 0.004761 seconds
  Import took 0.008259 seconds .

========================================================================
Received Prepare
Registering precompiled user dll's ...
Registered in 0.000922 seconds.
Begin MonoManager ReloadAssembly
Native extension for WindowsStandalone target not found
Native extension for WebGL target not found
Refreshing native plugins compatible for Editor in 0.47 ms, found 0 plugins.
Preloading 0 native plugins for Editor in 0.00 ms.
Warning: Annotation not found!
UnityEngine.StackTraceUtility:ExtractStackTrace ()
UnityEditor.ProBuilder.EditorUtility:SetGizmoIconEnabled (System.Type,bool) (at Library/PackageCache/com.unity.probuilder@5.0.3/Editor/EditorCore/EditorUtility.cs:575)
UnityEditor.ProBuilder.HierarchyListener:.cctor () (at Library/PackageCache/com.unity.probuilder@5.0.3/Editor/EditorCore/HierarchyListener.cs:21)
System.Runtime.CompilerServices.RuntimeHelpers:RunClassConstructor (System.RuntimeTypeHandle)
UnityEditor.EditorAssemblies:ProcessInitializeOnLoadAttributes (System.Type[])

[Library/PackageCache/com.unity.probuilder@5.0.3/Editor/EditorCore/EditorUtility.cs line 575]

Invoked RoslynAnalysisRunner static constructor.
RoslynAnalysisRunner will not be running.
RoslynAnalysisRunner has terminated.
Mono: successfully reloaded assembly
- Completed reload, in  0.621 seconds
Platform modules already initialized, skipping
Shader 'Universal Render Pipeline/Particles/Lit': fallback shader 'Universal Render Pipeline/Particles/SimpleLit' not found
Refreshing native plugins compatible for Editor in 0.46 ms, found 0 plugins.
Preloading 0 native plugins for Editor in 0.00 ms.
Unloading 2801 Unused Serialized files (Serialized files now loaded: 0)
System memory in use before: 137.8 MB.
System memory in use after: 138.0 MB.

Unloading 9 unused Assets to reduce memory usage. Loaded Objects now: 3626.
Total: 2.289200 ms (FindLiveObjects: 0.260000 ms CreateObjectMapping: 0.076500 ms MarkObjects: 1.897000 ms  DeleteObjects: 0.055100 ms)

========================================================================
Received Import Request.
  Time since last request: 6.112960 seconds.
  path: Assets/Scripts/Task B/FirstPersonController.cs
  artifactKey: Guid(d90ba6530d9bfda47abb4610956b2f44) Importer(815301076,1909f56bfc062723c751e8b465ee728b)
Start importing Assets/Scripts/Task B/FirstPersonController.cs using Guid(d90ba6530d9bfda47abb4610956b2f44) Importer(815301076,1909f56bfc062723c751e8b465ee728b)  -> (artifact id: 'ac67a4f79d640ae535936cdb4c42d95f') in 0.007595 seconds
  Import took 0.011286 seconds .

========================================================================
Received Import Request.
  Time since last request: 9.294210 seconds.
  path: Assets/Scripts/Task B/UI
  artifactKey: Guid(5e866b842062bbb448f3fc7ac18c75ea) Importer(815301076,1909f56bfc062723c751e8b465ee728b)
Start importing Assets/Scripts/Task B/UI using Guid(5e866b842062bbb448f3fc7ac18c75ea) Importer(815301076,1909f56bfc062723c751e8b465ee728b)  -> (artifact id: 'd39a4665bbe6e6e1018075750e4fb1c2') in 0.004837 seconds
  Import took 0.008160 seconds .

========================================================================
Received Import Request.
  Time since last request: 1.737289 seconds.
  path: Assets/Scripts/Task B/UpdateHUD.cs
  artifactKey: Guid(3b17765402a65b946a8be59b91800828) Importer(815301076,1909f56bfc062723c751e8b465ee728b)
Start importing Assets/Scripts/Task B/UpdateHUD.cs using Guid(3b17765402a65b946a8be59b91800828) Importer(815301076,1909f56bfc062723c751e8b465ee728b)  -> (artifact id: 'f16c8781d37fdd7727ea2ecd904d8476') in 0.004651 seconds
  Import took 0.008149 seconds .

========================================================================
Received Prepare
Registering precompiled user dll's ...
Registered in 0.000936 seconds.
Begin MonoManager ReloadAssembly
Native extension for WindowsStandalone target not found
Native extension for WebGL target not found
Refreshing native plugins compatible for Editor in 0.45 ms, found 0 plugins.
Preloading 0 native plugins for Editor in 0.00 ms.
Warning: Annotation not found!
UnityEngine.StackTraceUtility:ExtractStackTrace ()
UnityEditor.ProBuilder.EditorUtility:SetGizmoIconEnabled (System.Type,bool) (at Library/PackageCache/com.unity.probuilder@5.0.3/Editor/EditorCore/EditorUtility.cs:575)
UnityEditor.ProBuilder.HierarchyListener:.cctor () (at Library/PackageCache/com.unity.probuilder@5.0.3/Editor/EditorCore/HierarchyListener.cs:21)
System.Runtime.CompilerServices.RuntimeHelpers:RunClassConstructor (System.RuntimeTypeHandle)
UnityEditor.EditorAssemblies:ProcessInitializeOnLoadAttributes (System.Type[])

[Library/PackageCache/com.unity.probuilder@5.0.3/Editor/EditorCore/EditorUtility.cs line 575]

Invoked RoslynAnalysisRunner static constructor.
RoslynAnalysisRunner will not be running.
RoslynAnalysisRunner has terminated.
Mono: successfully reloaded assembly
- Completed reload, in  0.611 seconds
Platform modules already initialized, skipping
Shader 'Universal Render Pipeline/Particles/Lit': fallback shader 'Universal Render Pipeline/Particles/SimpleLit' not found
Refreshing native plugins compatible for Editor in 0.47 ms, found 0 plugins.
Preloading 0 native plugins for Editor in 0.00 ms.
Unloading 2801 Unused Serialized files (Serialized files now loaded: 0)
System memory in use before: 137.8 MB.
System memory in use after: 138.0 MB.

Unloading 9 unused Assets to reduce memory usage. Loaded Objects now: 3628.
Total: 2.158500 ms (FindLiveObjects: 0.256500 ms CreateObjectMapping: 0.074100 ms MarkObjects: 1.772600 ms  DeleteObjects: 0.054700 ms)

========================================================================
Received Import Request.
  Time since last request: 10.248428 seconds.
  path: Assets/Scripts/Task B/Controller
  artifactKey: Guid(ebdc0ea6f0082254c8ae91efeeef8764) Importer(815301076,1909f56bfc062723c751e8b465ee728b)
Start importing Assets/Scripts/Task B/Controller using Guid(ebdc0ea6f0082254c8ae91efeeef8764) Importer(815301076,1909f56bfc062723c751e8b465ee728b)  -> (artifact id: 'db2548db1453cfaf5269fa80f89757b8') in 0.007890 seconds
  Import took 0.011490 seconds .

========================================================================
Received Import Request.
  Time since last request: 0.007020 seconds.
  path: Assets/Scripts/Task B/Controller
  artifactKey: Guid(ebdc0ea6f0082254c8ae91efeeef8764) Importer(815301076,1909f56bfc062723c751e8b465ee728b)
Start importing Assets/Scripts/Task B/Controller using Guid(ebdc0ea6f0082254c8ae91efeeef8764) Importer(815301076,1909f56bfc062723c751e8b465ee728b)  -> (artifact id: 'db2548db1453cfaf5269fa80f89757b8') in 0.001693 seconds
  Import took 0.004296 seconds .

========================================================================
Received Prepare
Registering precompiled user dll's ...
Registered in 0.001071 seconds.
Begin MonoManager ReloadAssembly
Native extension for WindowsStandalone target not found
Native extension for WebGL target not found
Refreshing native plugins compatible for Editor in 0.46 ms, found 0 plugins.
Preloading 0 native plugins for Editor in 0.00 ms.
Warning: Annotation not found!
UnityEngine.StackTraceUtility:ExtractStackTrace ()
UnityEditor.ProBuilder.EditorUtility:SetGizmoIconEnabled (System.Type,bool) (at Library/PackageCache/com.unity.probuilder@5.0.3/Editor/EditorCore/EditorUtility.cs:575)
UnityEditor.ProBuilder.HierarchyListener:.cctor () (at Library/PackageCache/com.unity.probuilder@5.0.3/Editor/EditorCore/HierarchyListener.cs:21)
System.Runtime.CompilerServices.RuntimeHelpers:RunClassConstructor (System.RuntimeTypeHandle)
UnityEditor.EditorAssemblies:ProcessInitializeOnLoadAttributes (System.Type[])

[Library/PackageCache/com.unity.probuilder@5.0.3/Editor/EditorCore/EditorUtility.cs line 575]

Invoked RoslynAnalysisRunner static constructor.
RoslynAnalysisRunner will not be running.
RoslynAnalysisRunner has terminated.
Mono: successfully reloaded assembly
- Completed reload, in  0.617 seconds
Platform modules already initialized, skipping
Shader 'Universal Render Pipeline/Particles/Lit': fallback shader 'Universal Render Pipeline/Particles/SimpleLit' not found
Refreshing native plugins compatible for Editor in 0.46 ms, found 0 plugins.
Preloading 0 native plugins for Editor in 0.00 ms.
Unloading 2801 Unused Serialized files (Serialized files now loaded: 0)
System memory in use before: 137.8 MB.
System memory in use after: 138.0 MB.

Unloading 9 unused Assets to reduce memory usage. Loaded Objects now: 3630.
Total: 2.182400 ms (FindLiveObjects: 0.247200 ms CreateObjectMapping: 0.068800 ms MarkObjects: 1.813300 ms  DeleteObjects: 0.052200 ms)

========================================================================
Received Import Request.
  Time since last request: 46.289073 seconds.
  path: Assets/Sprites/Slider
  artifactKey: Guid(a5c80e8fd6652b845b178fb43aac54f5) Importer(815301076,1909f56bfc062723c751e8b465ee728b)
Start importing Assets/Sprites/Slider using Guid(a5c80e8fd6652b845b178fb43aac54f5) Importer(815301076,1909f56bfc062723c751e8b465ee728b)  -> (artifact id: '9d55a9732262b438eec4bf5a8a9ba292') in 0.007765 seconds
  Import took 0.011359 seconds .

========================================================================
Received Import Request.
  Time since last request: 8.882672 seconds.
  path: Assets/Sprites/Crosshair
  artifactKey: Guid(ba6cadbef45f622428b02e4e827d051a) Importer(815301076,1909f56bfc062723c751e8b465ee728b)
Start importing Assets/Sprites/Crosshair using Guid(ba6cadbef45f622428b02e4e827d051a) Importer(815301076,1909f56bfc062723c751e8b465ee728b)  -> (artifact id: '2d04873881bc339af31f664268ccc34f') in 0.004325 seconds
  Import took 0.007579 seconds .

========================================================================
Received Import Request.
  Time since last request: 8.671923 seconds.
  path: Assets/Sprites/Icons
  artifactKey: Guid(fed005ef7f4322c4483ba90afe3ca209) Importer(815301076,1909f56bfc062723c751e8b465ee728b)
Start importing Assets/Sprites/Icons using Guid(fed005ef7f4322c4483ba90afe3ca209) Importer(815301076,1909f56bfc062723c751e8b465ee728b)  -> (artifact id: '6d2dbd649ab82b6913ddd24845d995a8') in 0.004790 seconds
  Import took 0.008221 seconds .

AssetImportWorkerClient::OnTransportError - code=2 error=End of file
