Using pre-set license
Built from '2020.2/release' branch; Version is '2020.2.4f1 (becced5a802b) revision 12504301'; Using compiler version '192528614'; Build Type 'Release'
OS: 'Windows 10 Pro; OS build 19043.1288; Version 2009; 64bit' Language: 'en' Physical Memory: 32678 MB
BatchMode: 1, IsHumanControllingUs: 0, StartBugReporterOnCrash: 0, Is64bit: 1, IsPro: 0

 COMMAND LINE ARGUMENTS:
D:\Unity Engine\Unity Editors\2020.2.4f1\Editor\Unity.exe
-adb2
-batchMode
-noUpm
-name
AssetImportWorker0
-projectPath
C:/Users/Vivi/Desktop/LilaGames/Lila-Games/Lila Games
-logFile
Logs/AssetImportWorker0.log
-srvPort
58716
Successfully changed project path to: C:/Users/Vivi/Desktop/LilaGames/Lila-Games/Lila Games
C:/Users/Vivi/Desktop/LilaGames/Lila-Games/Lila Games
Using Asset Import Pipeline V2.
Refreshing native plugins compatible for Editor in 27.28 ms, found 0 plugins.
Preloading 0 native plugins for Editor in 0.00 ms.
Initialize engine version: 2020.2.4f1 (becced5a802b)
[Subsystems] Discovering subsystems at path D:/Unity Engine/Unity Editors/2020.2.4f1/Editor/Data/Resources/UnitySubsystems
[Subsystems] Discovering subsystems at path C:/Users/Vivi/Desktop/LilaGames/Lila-Games/Lila Games/Assets
GfxDevice: creating device client; threaded=0
Direct3D:
    Version:  Direct3D 11.0 [level 11.1]
    Renderer: NVIDIA GeForce RTX 3070 Ti (ID=0x2482)
    Vendor:   
    VRAM:     8041 MB
    Driver:   30.0.14.7196
Shader 'Universal Render Pipeline/Particles/Lit': fallback shader 'Universal Render Pipeline/Particles/SimpleLit' not found
Initialize mono
Mono path[0] = 'D:/Unity Engine/Unity Editors/2020.2.4f1/Editor/Data/Managed'
Mono path[1] = 'D:/Unity Engine/Unity Editors/2020.2.4f1/Editor/Data/MonoBleedingEdge/lib/mono/unityjit'
Mono config path = 'D:/Unity Engine/Unity Editors/2020.2.4f1/Editor/Data/MonoBleedingEdge/etc'
Using monoOptions --debugger-agent=transport=dt_socket,embedding=1,server=y,suspend=n,address=127.0.0.1:56748
Begin MonoManager ReloadAssembly
Registering precompiled unity dll's ...
Register platform support module: D:/Unity Engine/Unity Editors/2020.2.4f1/Editor/Data/PlaybackEngines/WebGLSupport/UnityEditor.WebGL.Extensions.dll
Register platform support module: D:/Unity Engine/Unity Editors/2020.2.4f1/Editor/Data/PlaybackEngines/WindowsStandaloneSupport/UnityEditor.WindowsStandalone.Extensions.dll
Registered in 0.001218 seconds.
Native extension for WindowsStandalone target not found
Native extension for WebGL target not found
Refreshing native plugins compatible for Editor in 30.10 ms, found 0 plugins.
Preloading 0 native plugins for Editor in 0.00 ms.
Invoked RoslynAnalysisRunner static constructor.
RoslynAnalysisRunner will not be running.
RoslynAnalysisRunner has terminated.
Mono: successfully reloaded assembly
- Completed reload, in  1.350 seconds
Platform modules already initialized, skipping
Registering precompiled user dll's ...
Registered in 0.001193 seconds.
Begin MonoManager ReloadAssembly
Native extension for WindowsStandalone target not found
Native extension for WebGL target not found
Refreshing native plugins compatible for Editor in 28.16 ms, found 0 plugins.
Preloading 0 native plugins for Editor in 0.00 ms.
Invoked RoslynAnalysisRunner static constructor.
RoslynAnalysisRunner will not be running.
RoslynAnalysisRunner has terminated.
Mono: successfully reloaded assembly
- Completed reload, in  0.589 seconds
Platform modules already initialized, skipping
========================================================================
Worker process is ready to serve import requests
Shader 'Universal Render Pipeline/Particles/Lit': fallback shader 'Universal Render Pipeline/Particles/SimpleLit' not found
Launched and connected shader compiler UnityShaderCompiler.exe after 0.03 seconds
Refreshing native plugins compatible for Editor in 0.34 ms, found 0 plugins.
Preloading 0 native plugins for Editor in 0.00 ms.
Unloading 2421 Unused Serialized files (Serialized files now loaded: 0)
System memory in use before: 113.0 MB.
System memory in use after: 113.2 MB.

Unloading 10 unused Assets to reduce memory usage. Loaded Objects now: 2861.
Total: 1.899300 ms (FindLiveObjects: 0.311800 ms CreateObjectMapping: 0.062300 ms MarkObjects: 1.467600 ms  DeleteObjects: 0.056900 ms)

========================================================================
Received Import Request.
  path: Assets/Scenes
  artifactKey: Guid(e18475937bbb2de42bc25479b557148d) Importer(815301076,1909f56bfc062723c751e8b465ee728b)
Start importing Assets/Scenes using Guid(e18475937bbb2de42bc25479b557148d) Importer(815301076,1909f56bfc062723c751e8b465ee728b)  -> (artifact id: '77d2d54379ab2f3323364a578eec777a') in 0.007196 seconds
  Import took 0.009943 seconds .

========================================================================
Received Import Request.
  Time since last request: 0.000132 seconds.
  path: Assets/Scenes/Task A
  artifactKey: Guid(00b9439ba47ac1d47aad86254565542f) Importer(815301076,1909f56bfc062723c751e8b465ee728b)
Start importing Assets/Scenes/Task A using Guid(00b9439ba47ac1d47aad86254565542f) Importer(815301076,1909f56bfc062723c751e8b465ee728b)  -> (artifact id: 'cdedf528d3665b79e5cc47b11508057b') in 0.008313 seconds
  Import took 0.010405 seconds .

========================================================================
Received Import Request.
  Time since last request: 0.000105 seconds.
  path: Assets/Scenes/Task A/Task A.unity
  artifactKey: Guid(5ff7e27c4005a094f853fb38d88915e8) Importer(815301076,1909f56bfc062723c751e8b465ee728b)
Start importing Assets/Scenes/Task A/Task A.unity using Guid(5ff7e27c4005a094f853fb38d88915e8) Importer(815301076,1909f56bfc062723c751e8b465ee728b)  -> (artifact id: 'b0be48354cb59d6ed4224d9dd1917455') in 0.011073 seconds
  Import took 0.013078 seconds .

========================================================================
Received Import Request.
  Time since last request: 0.867679 seconds.
  path: Assets/Scenes/Task A/Task A.unity
  artifactKey: Guid(5ff7e27c4005a094f853fb38d88915e8) Importer(815301076,1909f56bfc062723c751e8b465ee728b)
Start importing Assets/Scenes/Task A/Task A.unity using Guid(5ff7e27c4005a094f853fb38d88915e8) Importer(815301076,1909f56bfc062723c751e8b465ee728b)  -> (artifact id: 'b0be48354cb59d6ed4224d9dd1917455') in 0.001849 seconds
  Import took 0.004937 seconds .

========================================================================
Received Prepare
Registering precompiled user dll's ...
Registered in 0.000814 seconds.
Begin MonoManager ReloadAssembly
Native extension for WindowsStandalone target not found
Native extension for WebGL target not found
Refreshing native plugins compatible for Editor in 0.36 ms, found 0 plugins.
Preloading 0 native plugins for Editor in 0.00 ms.
Invoked RoslynAnalysisRunner static constructor.
RoslynAnalysisRunner will not be running.
RoslynAnalysisRunner has terminated.
Mono: successfully reloaded assembly
- Completed reload, in  0.556 seconds
Platform modules already initialized, skipping
Shader 'Universal Render Pipeline/Particles/Lit': fallback shader 'Universal Render Pipeline/Particles/SimpleLit' not found
Refreshing native plugins compatible for Editor in 0.35 ms, found 0 plugins.
Preloading 0 native plugins for Editor in 0.00 ms.
Unloading 2299 Unused Serialized files (Serialized files now loaded: 0)
System memory in use before: 106.2 MB.
System memory in use after: 106.4 MB.

Unloading 5 unused Assets to reduce memory usage. Loaded Objects now: 2863.
Total: 1.674600 ms (FindLiveObjects: 0.205200 ms CreateObjectMapping: 0.059200 ms MarkObjects: 1.397700 ms  DeleteObjects: 0.011600 ms)

========================================================================
Received Prepare
Registering precompiled user dll's ...
Registered in 0.000764 seconds.
Begin MonoManager ReloadAssembly
Native extension for WindowsStandalone target not found
Native extension for WebGL target not found
Refreshing native plugins compatible for Editor in 0.36 ms, found 0 plugins.
Preloading 0 native plugins for Editor in 0.00 ms.
Invoked RoslynAnalysisRunner static constructor.
RoslynAnalysisRunner will not be running.
RoslynAnalysisRunner has terminated.
Mono: successfully reloaded assembly
- Completed reload, in  0.527 seconds
Platform modules already initialized, skipping
Shader 'Universal Render Pipeline/Particles/Lit': fallback shader 'Universal Render Pipeline/Particles/SimpleLit' not found
Refreshing native plugins compatible for Editor in 0.31 ms, found 0 plugins.
Preloading 0 native plugins for Editor in 0.00 ms.
Unloading 2299 Unused Serialized files (Serialized files now loaded: 0)
System memory in use before: 106.3 MB.
System memory in use after: 106.5 MB.

Unloading 5 unused Assets to reduce memory usage. Loaded Objects now: 2865.
Total: 2.659700 ms (FindLiveObjects: 0.214800 ms CreateObjectMapping: 0.059100 ms MarkObjects: 2.369800 ms  DeleteObjects: 0.015300 ms)

AssetImportWorkerClient::OnTransportError - code=2 error=End of file
